2018-05-17 14:35:57 -Starting BlogApplication on admin-PC with PID 528 (D:\eclipse-workspace\blog\target\classes started by admin in D:\eclipse-workspace\blog)
2018-05-17 14:35:57 -The following profiles are active: dev
2018-05-17 14:36:00 -HV000001: Hibernate Validator 5.3.6.Final
2018-05-17 14:36:00 -Refreshing org.springframework.boot.context.embedded.AnnotationConfigEmbeddedWebApplicationContext@1fdffa1: startup date [Thu May 17 14:36:00 CST 2018]; root of context hierarchy
2018-05-17 14:36:06 -Multiple Spring Data modules found, entering strict repository configuration mode!
2018-05-17 14:36:09 -Bean 'org.springframework.transaction.annotation.ProxyTransactionManagementConfiguration' of type [org.springframework.transaction.annotation.ProxyTransactionManagementConfiguration$$EnhancerBySpringCGLIB$$cdbe09f9] is not eligible for getting processed by all BeanPostProcessors (for example: not eligible for auto-proxying)
2018-05-17 14:36:10 -Bean 'shiroConfig' of type [com.zp.system.config.ShiroConfig$$EnhancerBySpringCGLIB$$31cfd839] is not eligible for getting processed by all BeanPostProcessors (for example: not eligible for auto-proxying)
2018-05-17 14:36:13 -Bean 'userRealm' of type [com.zp.system.shiro.UserRealm] is not eligible for getting processed by all BeanPostProcessors (for example: not eligible for auto-proxying)
2018-05-17 14:36:15 -Bean 'ehCacheManager' of type [org.apache.shiro.cache.ehcache.EhCacheManager] is not eligible for getting processed by all BeanPostProcessors (for example: not eligible for auto-proxying)
2018-05-17 14:36:15 -Cache with name 'com.zp.system.shiro.UserRealm.authorizationCache' does not yet exist.  Creating now.
2018-05-17 14:36:15 -Added EhCache named [com.zp.system.shiro.UserRealm.authorizationCache]
2018-05-17 14:36:15 -Bean 'sessionDAO' of type [org.apache.shiro.session.mgt.eis.MemorySessionDAO] is not eligible for getting processed by all BeanPostProcessors (for example: not eligible for auto-proxying)
2018-05-17 14:36:15 -Bean 'sessionManager' of type [org.apache.shiro.web.session.mgt.DefaultWebSessionManager] is not eligible for getting processed by all BeanPostProcessors (for example: not eligible for auto-proxying)
2018-05-17 14:36:15 -Bean 'securityManager' of type [org.apache.shiro.web.mgt.DefaultWebSecurityManager] is not eligible for getting processed by all BeanPostProcessors (for example: not eligible for auto-proxying)
2018-05-17 14:36:15 -Bean 'authorizationAttributeSourceAdvisor' of type [org.apache.shiro.spring.security.interceptor.AuthorizationAttributeSourceAdvisor] is not eligible for getting processed by all BeanPostProcessors (for example: not eligible for auto-proxying)
2018-05-17 14:36:19 -Tomcat initialized with port(s): 80 (http)
2018-05-17 14:36:19 -Starting service [Tomcat]
2018-05-17 14:36:19 -Starting Servlet Engine: Apache Tomcat/8.5.23
2018-05-17 14:36:20 -Initializing Spring embedded WebApplicationContext
2018-05-17 14:36:20 -Root WebApplicationContext: initialization completed in 19596 ms
2018-05-17 14:36:22 -Mapping filter: 'characterEncodingFilter' to: [/*]
2018-05-17 14:36:22 -Mapping filter: 'hiddenHttpMethodFilter' to: [/*]
2018-05-17 14:36:22 -Mapping filter: 'httpPutFormContentFilter' to: [/*]
2018-05-17 14:36:22 -Mapping filter: 'requestContextFilter' to: [/*]
2018-05-17 14:36:22 -Mapping filter: 'springSecurityFilterChain' to: [/*]
2018-05-17 14:36:22 -Mapping filter: 'webStatFilter' to urls: [/*]
2018-05-17 14:36:22 -Mapping filter: 'shiroFilterFactoryBean' to: [/*]
2018-05-17 14:36:22 -Mapping servlet: 'statViewServlet' to [/druid/*]
2018-05-17 14:36:22 -Mapping servlet: 'dispatcherServlet' to [/]
2018-05-17 14:36:23 -{dataSource-1} inited
2018-05-17 14:36:31 -ProcessEngine default created
2018-05-17 14:36:35 -Initializing ExecutorService  'clientInboundChannelExecutor'
2018-05-17 14:36:35 -Initializing ExecutorService  'clientOutboundChannelExecutor'
2018-05-17 14:36:37 -Mapped "{[/activiti/model/{id}],methods=[DELETE]}" onto public com.zp.common.utils.R com.zp.activiti.controller.ModelController.remove(java.lang.String)
2018-05-17 14:36:37 -Mapped "{[/activiti/model/list],methods=[GET]}" onto com.zp.common.utils.PageUtils com.zp.activiti.controller.ModelController.list(int,int)
2018-05-17 14:36:37 -Mapped "{[/activiti/model/batchRemove],methods=[POST]}" onto public com.zp.common.utils.R com.zp.activiti.controller.ModelController.batchRemove(java.lang.String[])
2018-05-17 14:36:37 -Mapped "{[/activiti/model],methods=[GET]}" onto org.springframework.web.servlet.ModelAndView com.zp.activiti.controller.ModelController.model()
2018-05-17 14:36:37 -Mapped "{[/activiti/model/{modelId}/save],methods=[PUT]}" onto public void com.zp.activiti.controller.ModelController.saveModel(java.lang.String,java.lang.String,java.lang.String,java.lang.String,java.lang.String)
2018-05-17 14:36:37 -Mapped "{[/activiti/model/{modelId}/json],methods=[GET]}" onto public com.fasterxml.jackson.databind.node.ObjectNode com.zp.activiti.controller.ModelController.getEditorJson(java.lang.String)
2018-05-17 14:36:37 -Mapped "{[/activiti/editor/stencilset],methods=[GET],produces=[application/json;charset=utf-8]}" onto public java.lang.String com.zp.activiti.controller.ModelController.getStencilset()
2018-05-17 14:36:37 -Mapped "{[/activiti/model/export/{id}],methods=[GET]}" onto public void com.zp.activiti.controller.ModelController.exportToXml(java.lang.String,javax.servlet.http.HttpServletResponse)
2018-05-17 14:36:37 -Mapped "{[/activiti/model/add]}" onto public void com.zp.activiti.controller.ModelController.newModel(javax.servlet.http.HttpServletResponse) throws java.io.UnsupportedEncodingException
2018-05-17 14:36:37 -Mapped "{[/activiti/model/edit/{id}],methods=[GET]}" onto public void com.zp.activiti.controller.ModelController.edit(javax.servlet.http.HttpServletResponse,java.lang.String)
2018-05-17 14:36:37 -Mapped "{[/activiti/model/deploy/{id}],methods=[POST]}" onto public com.zp.common.utils.R com.zp.activiti.controller.ModelController.deploy(java.lang.String) throws java.lang.Exception
2018-05-17 14:36:37 -Mapped "{[/activiti/process/add],methods=[GET]}" onto public org.springframework.web.servlet.ModelAndView com.zp.activiti.controller.ProcessController.add()
2018-05-17 14:36:37 -Mapped "{[/activiti/process/remove],methods=[POST]}" onto public com.zp.common.utils.R com.zp.activiti.controller.ProcessController.remove(java.lang.String)
2018-05-17 14:36:37 -Mapped "{[/activiti/process/list],methods=[GET]}" onto com.zp.common.utils.PageUtils com.zp.activiti.controller.ProcessController.list(int,int)
2018-05-17 14:36:37 -Mapped "{[/activiti/process/batchRemove],methods=[POST]}" onto public com.zp.common.utils.R com.zp.activiti.controller.ProcessController.batchRemove(java.lang.String[])
2018-05-17 14:36:37 -Mapped "{[/activiti/process],methods=[GET]}" onto org.springframework.web.servlet.ModelAndView com.zp.activiti.controller.ProcessController.process()
2018-05-17 14:36:37 -Mapped "{[/activiti/process/convertToModel/{procDefId}]}" onto public com.zp.common.utils.R com.zp.activiti.controller.ProcessController.convertToModel(java.lang.String,org.springframework.web.servlet.mvc.support.RedirectAttributes) throws java.io.UnsupportedEncodingException,javax.xml.stream.XMLStreamException
2018-05-17 14:36:37 -Mapped "{[/activiti/process/resource/read/{xml}/{id}]}" onto public void com.zp.activiti.controller.ProcessController.resourceRead(java.lang.String,java.lang.String,javax.servlet.http.HttpServletResponse) throws java.lang.Exception
2018-05-17 14:36:37 -Mapped "{[/activiti/process/save],methods=[POST]}" onto public com.zp.common.utils.R com.zp.activiti.controller.ProcessController.deploy(java.lang.String,java.lang.String,org.springframework.web.multipart.MultipartFile)
2018-05-17 14:36:37 -Mapped "{[/act/salary/form],methods=[GET]}" onto java.lang.String com.zp.activiti.controller.SalaryController.add()
2018-05-17 14:36:37 -Mapped "{[/act/salary/remove],methods=[POST]}" onto public com.zp.common.utils.R com.zp.activiti.controller.SalaryController.remove(java.lang.String)
2018-05-17 14:36:37 -Mapped "{[/act/salary/batchRemove],methods=[POST]}" onto public com.zp.common.utils.R com.zp.activiti.controller.SalaryController.remove(java.lang.String[])
2018-05-17 14:36:37 -Mapped "{[/act/salary/update]}" onto public com.zp.common.utils.R com.zp.activiti.controller.SalaryController.update(com.zp.activiti.domain.SalaryDO)
2018-05-17 14:36:37 -Mapped "{[/act/salary/list],methods=[GET]}" onto public com.zp.common.utils.PageUtils com.zp.activiti.controller.SalaryController.list(java.util.Map<java.lang.String, java.lang.Object>)
2018-05-17 14:36:37 -Mapped "{[/act/salary/save],methods=[POST]}" onto public com.zp.common.utils.R com.zp.activiti.controller.SalaryController.saveOrUpdate(com.zp.activiti.domain.SalaryDO)
2018-05-17 14:36:37 -Mapped "{[/act/salary/form/{taskId}],methods=[GET]}" onto java.lang.String com.zp.activiti.controller.SalaryController.edit(java.lang.String,org.springframework.ui.Model)
2018-05-17 14:36:37 -Mapped "{[/act/salary],methods=[GET]}" onto java.lang.String com.zp.activiti.controller.SalaryController.Salary()
2018-05-17 14:36:37 -Mapped "{[/activiti/task/form/{procDefId}/{taskId}],methods=[GET]}" onto public void com.zp.activiti.controller.TaskController.form(java.lang.String,java.lang.String,javax.servlet.http.HttpServletResponse) throws java.io.IOException
2018-05-17 14:36:37 -Mapped "{[/activiti/task/gotoList],methods=[GET]}" onto com.zp.common.utils.PageUtils com.zp.activiti.controller.TaskController.list(int,int)
2018-05-17 14:36:37 -Mapped "{[/activiti/task/form/{procDefId}],methods=[GET]}" onto public void com.zp.activiti.controller.TaskController.startForm(java.lang.String,javax.servlet.http.HttpServletResponse) throws java.io.IOException
2018-05-17 14:36:37 -Mapped "{[/activiti/task/trace/photo/{procDefId}/{execId}]}" onto public void com.zp.activiti.controller.TaskController.tracePhoto(java.lang.String,java.lang.String,javax.servlet.http.HttpServletResponse) throws java.lang.Exception
2018-05-17 14:36:37 -Mapped "{[/activiti/task/goto],methods=[GET]}" onto public org.springframework.web.servlet.ModelAndView com.zp.activiti.controller.TaskController.gotoTask()
2018-05-17 14:36:37 -Mapped "{[/activiti/task/todo],methods=[GET]}" onto org.springframework.web.servlet.ModelAndView com.zp.activiti.controller.TaskController.todo()
2018-05-17 14:36:37 -Mapped "{[/activiti/task/todoList],methods=[GET]}" onto java.util.List<com.zp.activiti.vo.TaskVO> com.zp.activiti.controller.TaskController.todoList()
2018-05-17 14:36:37 -Mapped "{[/common/dict/add],methods=[GET]}" onto java.lang.String com.zp.common.controller.DictController.add()
2018-05-17 14:36:37 -Mapped "{[/common/dict/remove],methods=[POST]}" onto public com.zp.common.utils.R com.zp.common.controller.DictController.remove(java.lang.Long)
2018-05-17 14:36:37 -Mapped "{[/common/dict/batchRemove],methods=[POST]}" onto public com.zp.common.utils.R com.zp.common.controller.DictController.remove(java.lang.Long[])
2018-05-17 14:36:37 -Mapped "{[/common/dict/update]}" onto public com.zp.common.utils.R com.zp.common.controller.DictController.update(com.zp.common.domain.DictDO)
2018-05-17 14:36:37 -Mapped "{[/common/dict/list],methods=[GET]}" onto public com.zp.common.utils.PageUtils com.zp.common.controller.DictController.list(java.util.Map<java.lang.String, java.lang.Object>)
2018-05-17 14:36:37 -Mapped "{[/common/dict/save],methods=[POST]}" onto public com.zp.common.utils.R com.zp.common.controller.DictController.save(com.zp.common.domain.DictDO)
2018-05-17 14:36:37 -Mapped "{[/common/dict/type],methods=[GET]}" onto public java.util.List<com.zp.common.domain.DictDO> com.zp.common.controller.DictController.listType()
2018-05-17 14:36:37 -Mapped "{[/common/dict/list/{type}],methods=[GET]}" onto public java.util.List<com.zp.common.domain.DictDO> com.zp.common.controller.DictController.listByType(java.lang.String)
2018-05-17 14:36:37 -Mapped "{[/common/dict/edit/{id}],methods=[GET]}" onto java.lang.String com.zp.common.controller.DictController.edit(java.lang.Long,org.springframework.ui.Model)
2018-05-17 14:36:37 -Mapped "{[/common/dict],methods=[GET]}" onto java.lang.String com.zp.common.controller.DictController.dict()
2018-05-17 14:36:37 -Mapped "{[/common/dict/add/{type}/{description}],methods=[GET]}" onto java.lang.String com.zp.common.controller.DictController.addD(org.springframework.ui.Model,java.lang.String,java.lang.String)
2018-05-17 14:36:37 -Mapped "{[/common/sysFile/add],methods=[GET]}" onto java.lang.String com.zp.common.controller.FileController.add()
2018-05-17 14:36:37 -Mapped "{[/common/sysFile/remove],methods=[POST]}" onto public com.zp.common.utils.R com.zp.common.controller.FileController.remove(java.lang.Long,javax.servlet.http.HttpServletRequest)
2018-05-17 14:36:37 -Mapped "{[/common/sysFile/batchRemove],methods=[POST]}" onto public com.zp.common.utils.R com.zp.common.controller.FileController.remove(java.lang.Long[])
2018-05-17 14:36:37 -Mapped "{[/common/sysFile/update]}" onto public com.zp.common.utils.R com.zp.common.controller.FileController.update(com.zp.common.domain.FileDO)
2018-05-17 14:36:37 -Mapped "{[/common/sysFile/list],methods=[GET]}" onto public com.zp.common.utils.PageUtils com.zp.common.controller.FileController.list(java.util.Map<java.lang.String, java.lang.Object>)
2018-05-17 14:36:37 -Mapped "{[/common/sysFile/save],methods=[POST]}" onto public com.zp.common.utils.R com.zp.common.controller.FileController.save(com.zp.common.domain.FileDO)
2018-05-17 14:36:37 -Mapped "{[/common/sysFile/info/{id}]}" onto public com.zp.common.utils.R com.zp.common.controller.FileController.info(java.lang.Long)
2018-05-17 14:36:37 -Mapped "{[/common/sysFile/edit],methods=[GET]}" onto java.lang.String com.zp.common.controller.FileController.edit(java.lang.Long,org.springframework.ui.Model)
2018-05-17 14:36:37 -Mapped "{[/common/sysFile],methods=[GET]}" onto java.lang.String com.zp.common.controller.FileController.sysFile(org.springframework.ui.Model)
2018-05-17 14:36:37 -Mapped "{[/common/sysFile/upload],methods=[POST]}" onto com.zp.common.utils.R com.zp.common.controller.FileController.upload(org.springframework.web.multipart.MultipartFile,javax.servlet.http.HttpServletRequest)
2018-05-17 14:36:37 -Mapped "{[/common/log/remove],methods=[POST]}" onto com.zp.common.utils.R com.zp.common.controller.LogController.remove(java.lang.Long)
2018-05-17 14:36:37 -Mapped "{[/common/log],methods=[GET]}" onto java.lang.String com.zp.common.controller.LogController.log()
2018-05-17 14:36:37 -Mapped "{[/common/log/list],methods=[GET]}" onto com.zp.common.domain.PageDO<com.zp.common.domain.LogDO> com.zp.common.controller.LogController.list(java.util.Map<java.lang.String, java.lang.Object>)
2018-05-17 14:36:37 -Mapped "{[/common/log/batchRemove],methods=[POST]}" onto com.zp.common.utils.R com.zp.common.controller.LogController.batchRemove(java.lang.Long[])
2018-05-17 14:36:37 -Mapped "{[/oa/notify/add],methods=[GET]}" onto java.lang.String com.zp.oa.controller.NotifyController.add()
2018-05-17 14:36:37 -Mapped "{[/oa/notify/remove],methods=[POST]}" onto public com.zp.common.utils.R com.zp.oa.controller.NotifyController.remove(java.lang.Long)
2018-05-17 14:36:37 -Mapped "{[/oa/notify/batchRemove],methods=[POST]}" onto public com.zp.common.utils.R com.zp.oa.controller.NotifyController.remove(java.lang.Long[])
2018-05-17 14:36:37 -Mapped "{[/oa/notify/update]}" onto public com.zp.common.utils.R com.zp.oa.controller.NotifyController.update(com.zp.oa.domain.NotifyDO)
2018-05-17 14:36:37 -Mapped "{[/oa/notify/read/{id}],methods=[GET]}" onto java.lang.String com.zp.oa.controller.NotifyController.read(java.lang.Long,org.springframework.ui.Model)
2018-05-17 14:36:37 -Mapped "{[/oa/notify/list],methods=[GET]}" onto public com.zp.common.utils.PageUtils com.zp.oa.controller.NotifyController.list(java.util.Map<java.lang.String, java.lang.Object>,java.security.Principal)
2018-05-17 14:36:37 -Mapped "{[/oa/notify/save],methods=[POST]}" onto public com.zp.common.utils.R com.zp.oa.controller.NotifyController.save(com.zp.oa.domain.NotifyDO)
2018-05-17 14:36:37 -Mapped "{[/oa/notify/message],methods=[GET]}" onto com.zp.common.utils.PageUtils com.zp.oa.controller.NotifyController.message()
2018-05-17 14:36:37 -Mapped "{[/oa/notify/selfList],methods=[GET]}" onto com.zp.common.utils.PageUtils com.zp.oa.controller.NotifyController.selfList(java.util.Map<java.lang.String, java.lang.Object>)
2018-05-17 14:36:37 -Mapped "{[/oa/notify/selfNotify],methods=[GET]}" onto java.lang.String com.zp.oa.controller.NotifyController.selefNotify()
2018-05-17 14:36:37 -Mapped "{[/oa/notify/edit/{id}],methods=[GET]}" onto java.lang.String com.zp.oa.controller.NotifyController.edit(java.lang.Long,org.springframework.ui.Model)
2018-05-17 14:36:37 -Mapped "{[/oa/notify],methods=[GET]}" onto java.lang.String com.zp.oa.controller.NotifyController.oaNotify()
2018-05-17 14:36:37 -Mapped "{[/system/sysDept/add/{pId}],methods=[GET]}" onto java.lang.String com.zp.system.controller.DeptController.add(java.lang.Long,org.springframework.ui.Model)
2018-05-17 14:36:37 -Mapped "{[/system/sysDept/remove],methods=[POST]}" onto public com.zp.common.utils.R com.zp.system.controller.DeptController.remove(java.lang.Long)
2018-05-17 14:36:37 -Mapped "{[/system/sysDept/batchRemove],methods=[POST]}" onto public com.zp.common.utils.R com.zp.system.controller.DeptController.remove(java.lang.Long[])
2018-05-17 14:36:37 -Mapped "{[/system/sysDept/update]}" onto public com.zp.common.utils.R com.zp.system.controller.DeptController.update(com.zp.system.domain.DeptDO)
2018-05-17 14:36:37 -Mapped "{[/system/sysDept/list],methods=[GET]}" onto public java.util.List<com.zp.system.domain.DeptDO> com.zp.system.controller.DeptController.list()
2018-05-17 14:36:37 -Mapped "{[/system/sysDept/save],methods=[POST]}" onto public com.zp.common.utils.R com.zp.system.controller.DeptController.save(com.zp.system.domain.DeptDO)
2018-05-17 14:36:37 -Mapped "{[/system/sysDept/tree],methods=[GET]}" onto public com.zp.common.domain.Tree<com.zp.system.domain.DeptDO> com.zp.system.controller.DeptController.tree()
2018-05-17 14:36:37 -Mapped "{[/system/sysDept/edit/{deptId}],methods=[GET]}" onto java.lang.String com.zp.system.controller.DeptController.edit(java.lang.Long,org.springframework.ui.Model)
2018-05-17 14:36:37 -Mapped "{[/system/sysDept],methods=[GET]}" onto java.lang.String com.zp.system.controller.DeptController.dept()
2018-05-17 14:36:37 -Mapped "{[/system/sysDept/treeView],methods=[GET]}" onto java.lang.String com.zp.system.controller.DeptController.treeView()
2018-05-17 14:36:37 -Mapped "{[/index],methods=[GET]}" onto java.lang.String com.zp.system.controller.LoginController.index(org.springframework.ui.Model)
2018-05-17 14:36:37 -Mapped "{[/main],methods=[GET]}" onto java.lang.String com.zp.system.controller.LoginController.main()
2018-05-17 14:36:37 -Mapped "{[/login],methods=[POST]}" onto com.zp.common.utils.R com.zp.system.controller.LoginController.ajaxLogin(java.lang.String,java.lang.String)
2018-05-17 14:36:37 -Mapped "{[/logout],methods=[GET]}" onto java.lang.String com.zp.system.controller.LoginController.logout()
2018-05-17 14:36:37 -Mapped "{[/ || ],methods=[GET]}" onto java.lang.String com.zp.system.controller.LoginController.welcome(org.springframework.ui.Model)
2018-05-17 14:36:37 -Mapped "{[/login],methods=[GET]}" onto java.lang.String com.zp.system.controller.LoginController.login()
2018-05-17 14:36:38 -Mapped "{[/sys/menu/add/{pId}],methods=[GET]}" onto java.lang.String com.zp.system.controller.MenuController.add(org.springframework.ui.Model,java.lang.Long)
2018-05-17 14:36:38 -Mapped "{[/sys/menu/remove],methods=[POST]}" onto com.zp.common.utils.R com.zp.system.controller.MenuController.remove(java.lang.Long)
2018-05-17 14:36:38 -Mapped "{[/sys/menu/update],methods=[POST]}" onto com.zp.common.utils.R com.zp.system.controller.MenuController.update(com.zp.system.domain.MenuDO)
2018-05-17 14:36:38 -Mapped "{[/sys/menu/list]}" onto java.util.List<com.zp.system.domain.MenuDO> com.zp.system.controller.MenuController.list(java.util.Map<java.lang.String, java.lang.Object>)
2018-05-17 14:36:38 -Mapped "{[/sys/menu/save],methods=[POST]}" onto com.zp.common.utils.R com.zp.system.controller.MenuController.save(com.zp.system.domain.MenuDO)
2018-05-17 14:36:38 -Mapped "{[/sys/menu/tree/{roleId}],methods=[GET]}" onto com.zp.common.domain.Tree<com.zp.system.domain.MenuDO> com.zp.system.controller.MenuController.tree(java.lang.Long)
2018-05-17 14:36:38 -Mapped "{[/sys/menu/tree],methods=[GET]}" onto com.zp.common.domain.Tree<com.zp.system.domain.MenuDO> com.zp.system.controller.MenuController.tree()
2018-05-17 14:36:38 -Mapped "{[/sys/menu],methods=[GET]}" onto java.lang.String com.zp.system.controller.MenuController.menu(org.springframework.ui.Model)
2018-05-17 14:36:38 -Mapped "{[/sys/menu/edit/{id}],methods=[GET]}" onto java.lang.String com.zp.system.controller.MenuController.edit(org.springframework.ui.Model,java.lang.Long)
2018-05-17 14:36:38 -Mapped "{[/sys/role/add],methods=[GET]}" onto java.lang.String com.zp.system.controller.RoleController.add()
2018-05-17 14:36:38 -Mapped "{[/sys/role/update],methods=[POST]}" onto com.zp.common.utils.R com.zp.system.controller.RoleController.update(com.zp.system.domain.RoleDO)
2018-05-17 14:36:38 -Mapped "{[/sys/role/list],methods=[GET]}" onto java.util.List<com.zp.system.domain.RoleDO> com.zp.system.controller.RoleController.list()
2018-05-17 14:36:38 -Mapped "{[/sys/role/remove],methods=[POST]}" onto com.zp.common.utils.R com.zp.system.controller.RoleController.save(java.lang.Long)
2018-05-17 14:36:38 -Mapped "{[/sys/role/save],methods=[POST]}" onto com.zp.common.utils.R com.zp.system.controller.RoleController.save(com.zp.system.domain.RoleDO)
2018-05-17 14:36:38 -Mapped "{[/sys/role/batchRemove],methods=[POST]}" onto com.zp.common.utils.R com.zp.system.controller.RoleController.batchRemove(java.lang.Long[])
2018-05-17 14:36:38 -Mapped "{[/sys/role],methods=[GET]}" onto java.lang.String com.zp.system.controller.RoleController.role()
2018-05-17 14:36:38 -Mapped "{[/sys/role/edit/{id}],methods=[GET]}" onto java.lang.String com.zp.system.controller.RoleController.edit(java.lang.Long,org.springframework.ui.Model)
2018-05-17 14:36:38 -Mapped "{[/sys/online/list]}" onto public java.util.List<com.zp.system.domain.UserOnline> com.zp.system.controller.SessionController.list()
2018-05-17 14:36:38 -Mapped "{[/sys/online/forceLogout/{sessionId}]}" onto public com.zp.common.utils.R com.zp.system.controller.SessionController.forceLogout(java.lang.String,org.springframework.web.servlet.mvc.support.RedirectAttributes)
2018-05-17 14:36:38 -Mapped "{[/sys/online/sessionList]}" onto public java.util.Collection<org.apache.shiro.session.Session> com.zp.system.controller.SessionController.sessionList()
2018-05-17 14:36:38 -Mapped "{[/sys/online],methods=[GET]}" onto public java.lang.String com.zp.system.controller.SessionController.online()
2018-05-17 14:36:38 -Mapped "{[/sys/user/exit],methods=[POST]}" onto boolean com.zp.system.controller.UserController.exit(java.util.Map<java.lang.String, java.lang.Object>)
2018-05-17 14:36:38 -Mapped "{[/sys/user/add],methods=[GET]}" onto java.lang.String com.zp.system.controller.UserController.add(org.springframework.ui.Model)
2018-05-17 14:36:38 -Mapped "{[/sys/user/remove],methods=[POST]}" onto com.zp.common.utils.R com.zp.system.controller.UserController.remove(java.lang.Long)
2018-05-17 14:36:38 -Mapped "{[/sys/user/update],methods=[POST]}" onto com.zp.common.utils.R com.zp.system.controller.UserController.update(com.zp.system.domain.UserDO)
2018-05-17 14:36:38 -Mapped "{[/sys/user/list],methods=[GET]}" onto com.zp.common.utils.PageUtils com.zp.system.controller.UserController.list(java.util.Map<java.lang.String, java.lang.Object>)
2018-05-17 14:36:38 -Mapped "{[/sys/user/save],methods=[POST]}" onto com.zp.common.utils.R com.zp.system.controller.UserController.save(com.zp.system.domain.UserDO)
2018-05-17 14:36:38 -Mapped "{[/sys/user/batchRemove],methods=[POST]}" onto com.zp.common.utils.R com.zp.system.controller.UserController.batchRemove(java.lang.Long[])
2018-05-17 14:36:38 -Mapped "{[/sys/user/tree],methods=[GET]}" onto public com.zp.common.domain.Tree<com.zp.system.domain.DeptDO> com.zp.system.controller.UserController.tree()
2018-05-17 14:36:38 -Mapped "{[/sys/user],methods=[GET]}" onto java.lang.String com.zp.system.controller.UserController.user(org.springframework.ui.Model)
2018-05-17 14:36:38 -Mapped "{[/sys/user/updatePeronal],methods=[POST]}" onto com.zp.common.utils.R com.zp.system.controller.UserController.updatePeronal(com.zp.system.domain.UserDO)
2018-05-17 14:36:38 -Mapped "{[/sys/user/adminResetPwd],methods=[POST]}" onto com.zp.common.utils.R com.zp.system.controller.UserController.adminResetPwd(com.zp.system.vo.UserVO)
2018-05-17 14:36:38 -Mapped "{[/sys/user/uploadImg],methods=[POST]}" onto com.zp.common.utils.R com.zp.system.controller.UserController.uploadImg(org.springframework.web.multipart.MultipartFile,java.lang.String,javax.servlet.http.HttpServletRequest)
2018-05-17 14:36:38 -Mapped "{[/sys/user/edit/{id}],methods=[GET]}" onto java.lang.String com.zp.system.controller.UserController.edit(org.springframework.ui.Model,java.lang.Long)
2018-05-17 14:36:38 -Mapped "{[/sys/user/treeView],methods=[GET]}" onto java.lang.String com.zp.system.controller.UserController.treeView()
2018-05-17 14:36:38 -Mapped "{[/sys/user/resetPwd/{id}],methods=[GET]}" onto java.lang.String com.zp.system.controller.UserController.resetPwd(java.lang.Long,org.springframework.ui.Model)
2018-05-17 14:36:38 -Mapped "{[/sys/user/resetPwd],methods=[POST]}" onto com.zp.common.utils.R com.zp.system.controller.UserController.resetPwd(com.zp.system.vo.UserVO)
2018-05-17 14:36:38 -Mapped "{[/sys/user/personal],methods=[GET]}" onto java.lang.String com.zp.system.controller.UserController.personal(org.springframework.ui.Model)
2018-05-17 14:36:38 -Mapped "{[/]}" onto public java.lang.String com.zp.test.TestController.index(org.springframework.ui.Model)
2018-05-17 14:36:38 -Mapped "{[/test],methods=[GET]}" onto public java.lang.String com.zp.test.TestController.test(org.springframework.ui.Model)
2018-05-17 14:36:38 -Mapped "{[/v2/api-docs],methods=[GET],produces=[application/json || application/hal+json]}" onto public org.springframework.http.ResponseEntity<springfox.documentation.spring.web.json.Json> springfox.documentation.swagger2.web.Swagger2Controller.getDocumentation(java.lang.String,javax.servlet.http.HttpServletRequest)
2018-05-17 14:36:38 -Mapped "{[/swagger-resources/configuration/security]}" onto org.springframework.http.ResponseEntity<springfox.documentation.swagger.web.SecurityConfiguration> springfox.documentation.swagger.web.ApiResourceController.securityConfiguration()
2018-05-17 14:36:38 -Mapped "{[/swagger-resources/configuration/ui]}" onto org.springframework.http.ResponseEntity<springfox.documentation.swagger.web.UiConfiguration> springfox.documentation.swagger.web.ApiResourceController.uiConfiguration()
2018-05-17 14:36:38 -Mapped "{[/swagger-resources]}" onto org.springframework.http.ResponseEntity<java.util.List<springfox.documentation.swagger.web.SwaggerResource>> springfox.documentation.swagger.web.ApiResourceController.swaggerResources()
2018-05-17 14:36:38 -Mapped "{[/error]}" onto public org.springframework.http.ResponseEntity<java.util.Map<java.lang.String, java.lang.Object>> org.springframework.boot.autoconfigure.web.BasicErrorController.error(javax.servlet.http.HttpServletRequest)
2018-05-17 14:36:38 -Mapped "{[/error],produces=[text/html]}" onto public org.springframework.web.servlet.ModelAndView org.springframework.boot.autoconfigure.web.BasicErrorController.errorHtml(javax.servlet.http.HttpServletRequest,javax.servlet.http.HttpServletResponse)
2018-05-17 14:36:38 -Initializing ExecutorService  'messageBrokerTaskScheduler'
2018-05-17 14:36:39 -Mapped URL path [/endpointChat/**] onto handler of type [class org.springframework.web.socket.sockjs.support.SockJsHttpRequestHandler]
2018-05-17 14:36:39 -Initializing ExecutorService  'brokerChannelExecutor'
2018-05-17 14:36:39 -Using existing EHCache named [passwordRetryCache]
2018-05-17 14:36:40 -Looking for @ControllerAdvice: org.springframework.boot.context.embedded.AnnotationConfigEmbeddedWebApplicationContext@1fdffa1: startup date [Thu May 17 14:36:00 CST 2018]; root of context hierarchy
2018-05-17 14:36:41 -Mapped URL path [/files/**] onto handler of type [class org.springframework.web.servlet.resource.ResourceHttpRequestHandler]
2018-05-17 14:36:41 -Mapped URL path [/webjars/**] onto handler of type [class org.springframework.web.servlet.resource.ResourceHttpRequestHandler]
2018-05-17 14:36:41 -Mapped URL path [/**] onto handler of type [class org.springframework.web.servlet.resource.ResourceHttpRequestHandler]
2018-05-17 14:36:41 -Mapped URL path [/**/favicon.ico] onto handler of type [class org.springframework.web.servlet.resource.ResourceHttpRequestHandler]
2018-05-17 14:36:45 -

Using default security password: 6c84af49-49a8-4228-b761-75619e91eaf3

2018-05-17 14:36:45 -Creating filter chain: OrRequestMatcher [requestMatchers=[Ant [pattern='/css/**'], Ant [pattern='/js/**'], Ant [pattern='/images/**'], Ant [pattern='/webjars/**'], Ant [pattern='/**/favicon.ico'], Ant [pattern='/error']]], []
2018-05-17 14:36:45 -Creating filter chain: org.springframework.boot.autoconfigure.security.SpringBootWebSecurityConfiguration$ApplicationNoWebSecurityConfigurerAdapter$1@1ec5aad, [org.springframework.security.web.context.request.async.WebAsyncManagerIntegrationFilter@5f5712, org.springframework.security.web.context.SecurityContextPersistenceFilter@102ff64, org.springframework.security.web.header.HeaderWriterFilter@1933031, org.springframework.security.web.csrf.CsrfFilter@e19b30, org.springframework.security.web.authentication.logout.LogoutFilter@780c0, org.springframework.security.web.savedrequest.RequestCacheAwareFilter@d666a2, org.springframework.security.web.servletapi.SecurityContextHolderAwareRequestFilter@428874, org.springframework.security.web.authentication.AnonymousAuthenticationFilter@62ca19, org.springframework.security.web.session.SessionManagementFilter@15262a0, org.springframework.security.web.access.ExceptionTranslationFilter@1dbf5bb]
2018-05-17 14:36:45 -Registering beans for JMX exposure on startup
2018-05-17 14:36:45 -Bean with name 'dataSource' has been autodetected for JMX exposure
2018-05-17 14:36:46 -Located MBean 'dataSource': registering with JMX server as MBean [com.alibaba.druid.pool:name=dataSource,type=DruidDataSource]
2018-05-17 14:36:46 -Starting beans in phase 2147483647
2018-05-17 14:36:46 -Context refreshed
2018-05-17 14:36:46 -Found 1 custom documentation plugin(s)
2018-05-17 14:36:46 -Scanning for api listing references
2018-05-17 14:36:47 -Generating unique operation named: removeUsingPOST_1
2018-05-17 14:36:47 -Generating unique operation named: addUsingGET_1
2018-05-17 14:36:47 -Generating unique operation named: editUsingGET_1
2018-05-17 14:36:47 -Generating unique operation named: listUsingGET_1
2018-05-17 14:36:47 -Generating unique operation named: removeUsingPOST_2
2018-05-17 14:36:47 -Generating unique operation named: removeUsingPOST_3
2018-05-17 14:36:47 -Generating unique operation named: saveUsingPOST_1
2018-05-17 14:36:47 -Generating unique operation named: updateUsingGET_1
2018-05-17 14:36:47 -Generating unique operation named: updateUsingHEAD_1
2018-05-17 14:36:47 -Generating unique operation named: updateUsingPOST_1
2018-05-17 14:36:47 -Generating unique operation named: updateUsingPUT_1
2018-05-17 14:36:47 -Generating unique operation named: updateUsingPATCH_1
2018-05-17 14:36:47 -Generating unique operation named: updateUsingDELETE_1
2018-05-17 14:36:47 -Generating unique operation named: updateUsingOPTIONS_1
2018-05-17 14:36:47 -Generating unique operation named: updateUsingTRACE_1
2018-05-17 14:36:47 -Generating unique operation named: addUsingGET_2
2018-05-17 14:36:47 -Generating unique operation named: editUsingGET_2
2018-05-17 14:36:47 -Generating unique operation named: listUsingGET_2
2018-05-17 14:36:47 -Generating unique operation named: removeUsingPOST_4
2018-05-17 14:36:47 -Generating unique operation named: removeUsingPOST_5
2018-05-17 14:36:47 -Generating unique operation named: saveUsingPOST_2
2018-05-17 14:36:47 -Generating unique operation named: updateUsingGET_2
2018-05-17 14:36:47 -Generating unique operation named: updateUsingHEAD_2
2018-05-17 14:36:47 -Generating unique operation named: updateUsingPOST_2
2018-05-17 14:36:47 -Generating unique operation named: updateUsingPUT_2
2018-05-17 14:36:47 -Generating unique operation named: updateUsingPATCH_2
2018-05-17 14:36:47 -Generating unique operation named: updateUsingDELETE_2
2018-05-17 14:36:47 -Generating unique operation named: updateUsingOPTIONS_2
2018-05-17 14:36:47 -Generating unique operation named: updateUsingTRACE_2
2018-05-17 14:36:47 -Generating unique operation named: listUsingGET_3
2018-05-17 14:36:47 -Generating unique operation named: removeUsingPOST_6
2018-05-17 14:36:47 -Generating unique operation named: welcomeUsingGET_1
2018-05-17 14:36:47 -Generating unique operation named: addUsingGET_3
2018-05-17 14:36:47 -Generating unique operation named: editUsingGET_3
2018-05-17 14:36:47 -Generating unique operation named: listUsingGET_4
2018-05-17 14:36:47 -Generating unique operation named: removeUsingPOST_7
2018-05-17 14:36:47 -Generating unique operation named: saveUsingPOST_3
2018-05-17 14:36:47 -Generating unique operation named: treeUsingGET_1
2018-05-17 14:36:47 -Generating unique operation named: treeUsingGET_2
2018-05-17 14:36:47 -Generating unique operation named: updateUsingPOST_3
2018-05-17 14:36:47 -Generating unique operation named: batchRemoveUsingPOST_1
2018-05-17 14:36:47 -Generating unique operation named: editUsingGET_4
2018-05-17 14:36:48 -Generating unique operation named: listUsingGET_5
2018-05-17 14:36:48 -Generating unique operation named: addUsingGET_4
2018-05-17 14:36:48 -Generating unique operation named: editUsingGET_5
2018-05-17 14:36:48 -Generating unique operation named: listUsingGET_6
2018-05-17 14:36:48 -Generating unique operation named: removeUsingPOST_8
2018-05-17 14:36:48 -Generating unique operation named: removeUsingPOST_9
2018-05-17 14:36:48 -Generating unique operation named: saveUsingPOST_4
2018-05-17 14:36:48 -Generating unique operation named: updateUsingGET_3
2018-05-17 14:36:48 -Generating unique operation named: updateUsingHEAD_3
2018-05-17 14:36:48 -Generating unique operation named: updateUsingPOST_4
2018-05-17 14:36:48 -Generating unique operation named: updateUsingPUT_3
2018-05-17 14:36:48 -Generating unique operation named: updateUsingPATCH_3
2018-05-17 14:36:48 -Generating unique operation named: updateUsingDELETE_3
2018-05-17 14:36:48 -Generating unique operation named: updateUsingOPTIONS_3
2018-05-17 14:36:48 -Generating unique operation named: updateUsingTRACE_3
2018-05-17 14:36:48 -Generating unique operation named: addUsingGET_5
2018-05-17 14:36:48 -Generating unique operation named: batchRemoveUsingPOST_2
2018-05-17 14:36:48 -Generating unique operation named: deployUsingPOST_1
2018-05-17 14:36:48 -Generating unique operation named: listUsingGET_7
2018-05-17 14:36:48 -Generating unique operation named: removeUsingPOST_10
2018-05-17 14:36:48 -Generating unique operation named: addUsingGET_6
2018-05-17 14:36:48 -Generating unique operation named: batchRemoveUsingPOST_3
2018-05-17 14:36:48 -Generating unique operation named: editUsingGET_6
2018-05-17 14:36:48 -Generating unique operation named: listUsingGET_8
2018-05-17 14:36:48 -Generating unique operation named: saveUsingPOST_5
2018-05-17 14:36:48 -Generating unique operation named: saveUsingPOST_6
2018-05-17 14:36:48 -Generating unique operation named: updateUsingPOST_5
2018-05-17 14:36:48 -Generating unique operation named: addUsingGET_7
2018-05-17 14:36:48 -Generating unique operation named: editUsingGET_7
2018-05-17 14:36:48 -Generating unique operation named: listUsingGET_9
2018-05-17 14:36:48 -Generating unique operation named: removeUsingPOST_11
2018-05-17 14:36:48 -Generating unique operation named: removeUsingPOST_12
2018-05-17 14:36:48 -Generating unique operation named: updateUsingGET_4
2018-05-17 14:36:48 -Generating unique operation named: updateUsingHEAD_4
2018-05-17 14:36:48 -Generating unique operation named: updateUsingPOST_6
2018-05-17 14:36:48 -Generating unique operation named: updateUsingPUT_4
2018-05-17 14:36:48 -Generating unique operation named: updateUsingPATCH_4
2018-05-17 14:36:48 -Generating unique operation named: updateUsingDELETE_4
2018-05-17 14:36:48 -Generating unique operation named: updateUsingOPTIONS_4
2018-05-17 14:36:48 -Generating unique operation named: updateUsingTRACE_4
2018-05-17 14:36:48 -Generating unique operation named: listUsingGET_10
2018-05-17 14:36:48 -Generating unique operation named: listUsingHEAD_1
2018-05-17 14:36:48 -Generating unique operation named: listUsingPOST_1
2018-05-17 14:36:48 -Generating unique operation named: listUsingPUT_1
2018-05-17 14:36:48 -Generating unique operation named: listUsingPATCH_1
2018-05-17 14:36:48 -Generating unique operation named: listUsingDELETE_1
2018-05-17 14:36:48 -Generating unique operation named: listUsingOPTIONS_1
2018-05-17 14:36:48 -Generating unique operation named: listUsingTRACE_1
2018-05-17 14:36:48 -Generating unique operation named: listUsingGET_11
2018-05-17 14:36:48 -Generating unique operation named: indexUsingGET_1
2018-05-17 14:36:48 -Generating unique operation named: addUsingGET_8
2018-05-17 14:36:48 -Generating unique operation named: batchRemoveUsingPOST_4
2018-05-17 14:36:48 -Generating unique operation named: editUsingGET_8
2018-05-17 14:36:49 -Generating unique operation named: listUsingGET_12
2018-05-17 14:36:49 -Generating unique operation named: removeUsingPOST_13
2018-05-17 14:36:49 -Generating unique operation named: saveUsingPOST_7
2018-05-17 14:36:49 -Generating unique operation named: treeUsingGET_3
2018-05-17 14:36:49 -Generating unique operation named: treeViewUsingGET_1
2018-05-17 14:36:49 -Generating unique operation named: updateUsingPOST_7
2018-05-17 14:36:49 -Starting...
2018-05-17 14:36:49 -BrokerAvailabilityEvent[available=true, SimpleBrokerMessageHandler [DefaultSubscriptionRegistry[cache[0 destination(s)], registry[0 sessions]]]]
2018-05-17 14:36:49 -Started.
2018-05-17 14:36:49 -Initializing ProtocolHandler ["http-nio-80"]
2018-05-17 14:36:49 -Starting ProtocolHandler ["http-nio-80"]
2018-05-17 14:36:49 -Using a shared selector for servlet write/read
2018-05-17 14:36:49 -Tomcat started on port(s): 80 (http)
2018-05-17 14:36:49 -Started BlogApplication in 57.173 seconds (JVM running for 64.155)
2018-05-17 14:37:39 -WebSocketSession[0 current WS(0)-HttpStream(0)-HttpPoll(0), 0 total, 0 closed abnormally (0 connect failure, 0 send limit, 0 transport error)], stompSubProtocol[processed CONNECT(0)-CONNECTED(0)-DISCONNECT(0)], stompBrokerRelay[null], inboundChannel[pool size = 0, active threads = 0, queued tasks = 0, completed tasks = 0], outboundChannelpool size = 0, active threads = 0, queued tasks = 0, completed tasks = 0], sockJsScheduler[pool size = 1, active threads = 1, queued tasks = 0, completed tasks = 0]
2018-05-17 15:07:39 -WebSocketSession[0 current WS(0)-HttpStream(0)-HttpPoll(0), 0 total, 0 closed abnormally (0 connect failure, 0 send limit, 0 transport error)], stompSubProtocol[processed CONNECT(0)-CONNECTED(0)-DISCONNECT(0)], stompBrokerRelay[null], inboundChannel[pool size = 0, active threads = 0, queued tasks = 0, completed tasks = 0], outboundChannelpool size = 0, active threads = 0, queued tasks = 0, completed tasks = 0], sockJsScheduler[pool size = 2, active threads = 1, queued tasks = 0, completed tasks = 1]
2018-05-17 15:22:12 -Application shutdown requested.
2018-05-17 15:22:12 -Closing org.springframework.boot.context.embedded.AnnotationConfigEmbeddedWebApplicationContext@1fdffa1: startup date [Thu May 17 14:36:00 CST 2018]; root of context hierarchy
2018-05-17 15:22:12 -Stopping beans in phase 2147483647
2018-05-17 15:22:12 -Stopping...
2018-05-17 15:22:12 -BrokerAvailabilityEvent[available=false, SimpleBrokerMessageHandler [DefaultSubscriptionRegistry[cache[0 destination(s)], registry[0 sessions]]]]
2018-05-17 15:22:12 -Stopped.
2018-05-17 15:22:12 -Unregistering JMX-exposed beans on shutdown
2018-05-17 15:22:12 -Unregistering JMX-exposed beans
2018-05-17 15:22:12 -Shutting down ExecutorService 'brokerChannelExecutor'
2018-05-17 15:22:12 -Shutting down ExecutorService 'messageBrokerTaskScheduler'
2018-05-17 15:22:12 -Shutting down ExecutorService 'clientOutboundChannelExecutor'
2018-05-17 15:22:12 -Shutting down ExecutorService 'clientInboundChannelExecutor'
2018-05-17 15:22:12 -{dataSource-1} closed
