2018-05-07 17:01:58 -Starting BlogApplication on admin-PC with PID 9372 (D:\eclipse-workspace\blog\target\classes started by admin in D:\eclipse-workspace\blog)
2018-05-07 17:01:58 -The following profiles are active: dev
2018-05-07 17:01:59 -HV000001: Hibernate Validator 5.3.6.Final
2018-05-07 17:01:59 -Refreshing org.springframework.boot.context.embedded.AnnotationConfigEmbeddedWebApplicationContext@113052e: startup date [Mon May 07 17:01:59 CST 2018]; root of context hierarchy
2018-05-07 17:02:03 -Multiple Spring Data modules found, entering strict repository configuration mode!
2018-05-07 17:02:05 -Bean 'org.springframework.transaction.annotation.ProxyTransactionManagementConfiguration' of type [org.springframework.transaction.annotation.ProxyTransactionManagementConfiguration$$EnhancerBySpringCGLIB$$538a0cc5] is not eligible for getting processed by all BeanPostProcessors (for example: not eligible for auto-proxying)
2018-05-07 17:02:05 -Bean 'shiroConfig' of type [com.zp.system.config.ShiroConfig$$EnhancerBySpringCGLIB$$b79bdb05] is not eligible for getting processed by all BeanPostProcessors (for example: not eligible for auto-proxying)
2018-05-07 17:02:07 -Bean 'userRealm' of type [com.zp.system.shiro.UserRealm] is not eligible for getting processed by all BeanPostProcessors (for example: not eligible for auto-proxying)
2018-05-07 17:02:07 -Bean 'ehCacheManager' of type [org.apache.shiro.cache.ehcache.EhCacheManager] is not eligible for getting processed by all BeanPostProcessors (for example: not eligible for auto-proxying)
2018-05-07 17:02:07 -Cache with name 'com.zp.system.shiro.UserRealm.authorizationCache' does not yet exist.  Creating now.
2018-05-07 17:02:07 -Added EhCache named [com.zp.system.shiro.UserRealm.authorizationCache]
2018-05-07 17:02:07 -Bean 'sessionDAO' of type [org.apache.shiro.session.mgt.eis.MemorySessionDAO] is not eligible for getting processed by all BeanPostProcessors (for example: not eligible for auto-proxying)
2018-05-07 17:02:07 -Bean 'sessionManager' of type [org.apache.shiro.web.session.mgt.DefaultWebSessionManager] is not eligible for getting processed by all BeanPostProcessors (for example: not eligible for auto-proxying)
2018-05-07 17:02:08 -Bean 'securityManager' of type [org.apache.shiro.web.mgt.DefaultWebSecurityManager] is not eligible for getting processed by all BeanPostProcessors (for example: not eligible for auto-proxying)
2018-05-07 17:02:08 -Bean 'authorizationAttributeSourceAdvisor' of type [org.apache.shiro.spring.security.interceptor.AuthorizationAttributeSourceAdvisor] is not eligible for getting processed by all BeanPostProcessors (for example: not eligible for auto-proxying)
2018-05-07 17:02:10 -Tomcat initialized with port(s): 80 (http)
2018-05-07 17:02:10 -Starting service [Tomcat]
2018-05-07 17:02:10 -Starting Servlet Engine: Apache Tomcat/8.5.23
2018-05-07 17:02:10 -Initializing Spring embedded WebApplicationContext
2018-05-07 17:02:10 -Root WebApplicationContext: initialization completed in 10997 ms
2018-05-07 17:02:12 -Mapping filter: 'characterEncodingFilter' to: [/*]
2018-05-07 17:02:12 -Mapping filter: 'hiddenHttpMethodFilter' to: [/*]
2018-05-07 17:02:12 -Mapping filter: 'httpPutFormContentFilter' to: [/*]
2018-05-07 17:02:12 -Mapping filter: 'requestContextFilter' to: [/*]
2018-05-07 17:02:12 -Mapping filter: 'springSecurityFilterChain' to: [/*]
2018-05-07 17:02:12 -Mapping filter: 'webStatFilter' to urls: [/*]
2018-05-07 17:02:12 -Mapping filter: 'shiroFilterFactoryBean' to: [/*]
2018-05-07 17:02:12 -Mapping servlet: 'statViewServlet' to [/druid/*]
2018-05-07 17:02:12 -Mapping servlet: 'dispatcherServlet' to [/]
2018-05-07 17:02:13 -{dataSource-1} inited
2018-05-07 17:02:19 -ProcessEngine default created
2018-05-07 17:02:25 -Initializing ExecutorService  'clientInboundChannelExecutor'
2018-05-07 17:02:25 -Initializing ExecutorService  'clientOutboundChannelExecutor'
2018-05-07 17:02:30 -Mapped "{[/activiti/model/{id}],methods=[DELETE]}" onto public com.zp.common.utils.R com.zp.activiti.controller.ModelController.remove(java.lang.String)
2018-05-07 17:02:30 -Mapped "{[/activiti/model/list],methods=[GET]}" onto com.zp.common.utils.PageUtils com.zp.activiti.controller.ModelController.list(int,int)
2018-05-07 17:02:30 -Mapped "{[/activiti/model/batchRemove],methods=[POST]}" onto public com.zp.common.utils.R com.zp.activiti.controller.ModelController.batchRemove(java.lang.String[])
2018-05-07 17:02:30 -Mapped "{[/activiti/model/add]}" onto public void com.zp.activiti.controller.ModelController.newModel(javax.servlet.http.HttpServletResponse) throws java.io.UnsupportedEncodingException
2018-05-07 17:02:30 -Mapped "{[/activiti/model/edit/{id}],methods=[GET]}" onto public void com.zp.activiti.controller.ModelController.edit(javax.servlet.http.HttpServletResponse,java.lang.String)
2018-05-07 17:02:30 -Mapped "{[/activiti/model/deploy/{id}],methods=[POST]}" onto public com.zp.common.utils.R com.zp.activiti.controller.ModelController.deploy(java.lang.String) throws java.lang.Exception
2018-05-07 17:02:30 -Mapped "{[/activiti/model/{modelId}/save],methods=[PUT]}" onto public void com.zp.activiti.controller.ModelController.saveModel(java.lang.String,java.lang.String,java.lang.String,java.lang.String,java.lang.String)
2018-05-07 17:02:30 -Mapped "{[/activiti/model/{modelId}/json],methods=[GET]}" onto public com.fasterxml.jackson.databind.node.ObjectNode com.zp.activiti.controller.ModelController.getEditorJson(java.lang.String)
2018-05-07 17:02:30 -Mapped "{[/activiti/editor/stencilset],methods=[GET],produces=[application/json;charset=utf-8]}" onto public java.lang.String com.zp.activiti.controller.ModelController.getStencilset()
2018-05-07 17:02:30 -Mapped "{[/activiti/model/export/{id}],methods=[GET]}" onto public void com.zp.activiti.controller.ModelController.exportToXml(java.lang.String,javax.servlet.http.HttpServletResponse)
2018-05-07 17:02:30 -Mapped "{[/activiti/model],methods=[GET]}" onto org.springframework.web.servlet.ModelAndView com.zp.activiti.controller.ModelController.model()
2018-05-07 17:02:30 -Mapped "{[/activiti/process/add],methods=[GET]}" onto public org.springframework.web.servlet.ModelAndView com.zp.activiti.controller.ProcessController.add()
2018-05-07 17:02:30 -Mapped "{[/activiti/process/remove],methods=[POST]}" onto public com.zp.common.utils.R com.zp.activiti.controller.ProcessController.remove(java.lang.String)
2018-05-07 17:02:30 -Mapped "{[/activiti/process/list],methods=[GET]}" onto com.zp.common.utils.PageUtils com.zp.activiti.controller.ProcessController.list(int,int)
2018-05-07 17:02:30 -Mapped "{[/activiti/process/batchRemove],methods=[POST]}" onto public com.zp.common.utils.R com.zp.activiti.controller.ProcessController.batchRemove(java.lang.String[])
2018-05-07 17:02:30 -Mapped "{[/activiti/process/save],methods=[POST]}" onto public com.zp.common.utils.R com.zp.activiti.controller.ProcessController.deploy(java.lang.String,java.lang.String,org.springframework.web.multipart.MultipartFile)
2018-05-07 17:02:30 -Mapped "{[/activiti/process/convertToModel/{procDefId}]}" onto public com.zp.common.utils.R com.zp.activiti.controller.ProcessController.convertToModel(java.lang.String,org.springframework.web.servlet.mvc.support.RedirectAttributes) throws java.io.UnsupportedEncodingException,javax.xml.stream.XMLStreamException
2018-05-07 17:02:30 -Mapped "{[/activiti/process/resource/read/{xml}/{id}]}" onto public void com.zp.activiti.controller.ProcessController.resourceRead(java.lang.String,java.lang.String,javax.servlet.http.HttpServletResponse) throws java.lang.Exception
2018-05-07 17:02:30 -Mapped "{[/activiti/process],methods=[GET]}" onto org.springframework.web.servlet.ModelAndView com.zp.activiti.controller.ProcessController.process()
2018-05-07 17:02:30 -Mapped "{[/act/salary/form],methods=[GET]}" onto java.lang.String com.zp.activiti.controller.SalaryController.add()
2018-05-07 17:02:30 -Mapped "{[/act/salary/remove],methods=[POST]}" onto public com.zp.common.utils.R com.zp.activiti.controller.SalaryController.remove(java.lang.String)
2018-05-07 17:02:30 -Mapped "{[/act/salary/batchRemove],methods=[POST]}" onto public com.zp.common.utils.R com.zp.activiti.controller.SalaryController.remove(java.lang.String[])
2018-05-07 17:02:30 -Mapped "{[/act/salary/update]}" onto public com.zp.common.utils.R com.zp.activiti.controller.SalaryController.update(com.zp.activiti.domain.SalaryDO)
2018-05-07 17:02:30 -Mapped "{[/act/salary/list],methods=[GET]}" onto public com.zp.common.utils.PageUtils com.zp.activiti.controller.SalaryController.list(java.util.Map<java.lang.String, java.lang.Object>)
2018-05-07 17:02:30 -Mapped "{[/act/salary/form/{taskId}],methods=[GET]}" onto java.lang.String com.zp.activiti.controller.SalaryController.edit(java.lang.String,org.springframework.ui.Model)
2018-05-07 17:02:30 -Mapped "{[/act/salary],methods=[GET]}" onto java.lang.String com.zp.activiti.controller.SalaryController.Salary()
2018-05-07 17:02:30 -Mapped "{[/act/salary/save],methods=[POST]}" onto public com.zp.common.utils.R com.zp.activiti.controller.SalaryController.saveOrUpdate(com.zp.activiti.domain.SalaryDO)
2018-05-07 17:02:30 -Mapped "{[/activiti/task/form/{procDefId}/{taskId}],methods=[GET]}" onto public void com.zp.activiti.controller.TaskController.form(java.lang.String,java.lang.String,javax.servlet.http.HttpServletResponse) throws java.io.IOException
2018-05-07 17:02:30 -Mapped "{[/activiti/task/gotoList],methods=[GET]}" onto com.zp.common.utils.PageUtils com.zp.activiti.controller.TaskController.list(int,int)
2018-05-07 17:02:30 -Mapped "{[/activiti/task/form/{procDefId}],methods=[GET]}" onto public void com.zp.activiti.controller.TaskController.startForm(java.lang.String,javax.servlet.http.HttpServletResponse) throws java.io.IOException
2018-05-07 17:02:30 -Mapped "{[/activiti/task/trace/photo/{procDefId}/{execId}]}" onto public void com.zp.activiti.controller.TaskController.tracePhoto(java.lang.String,java.lang.String,javax.servlet.http.HttpServletResponse) throws java.lang.Exception
2018-05-07 17:02:30 -Mapped "{[/activiti/task/goto],methods=[GET]}" onto public org.springframework.web.servlet.ModelAndView com.zp.activiti.controller.TaskController.gotoTask()
2018-05-07 17:02:30 -Mapped "{[/activiti/task/todo],methods=[GET]}" onto org.springframework.web.servlet.ModelAndView com.zp.activiti.controller.TaskController.todo()
2018-05-07 17:02:30 -Mapped "{[/activiti/task/todoList],methods=[GET]}" onto java.util.List<com.zp.activiti.vo.TaskVO> com.zp.activiti.controller.TaskController.todoList()
2018-05-07 17:02:30 -Mapped "{[/common/dict/add],methods=[GET]}" onto java.lang.String com.zp.common.controller.DictController.add()
2018-05-07 17:02:30 -Mapped "{[/common/dict/remove],methods=[POST]}" onto public com.zp.common.utils.R com.zp.common.controller.DictController.remove(java.lang.Long)
2018-05-07 17:02:30 -Mapped "{[/common/dict/batchRemove],methods=[POST]}" onto public com.zp.common.utils.R com.zp.common.controller.DictController.remove(java.lang.Long[])
2018-05-07 17:02:30 -Mapped "{[/common/dict/update]}" onto public com.zp.common.utils.R com.zp.common.controller.DictController.update(com.zp.common.domain.DictDO)
2018-05-07 17:02:30 -Mapped "{[/common/dict/list],methods=[GET]}" onto public com.zp.common.utils.PageUtils com.zp.common.controller.DictController.list(java.util.Map<java.lang.String, java.lang.Object>)
2018-05-07 17:02:30 -Mapped "{[/common/dict/save],methods=[POST]}" onto public com.zp.common.utils.R com.zp.common.controller.DictController.save(com.zp.common.domain.DictDO)
2018-05-07 17:02:30 -Mapped "{[/common/dict/edit/{id}],methods=[GET]}" onto java.lang.String com.zp.common.controller.DictController.edit(java.lang.Long,org.springframework.ui.Model)
2018-05-07 17:02:30 -Mapped "{[/common/dict/type],methods=[GET]}" onto public java.util.List<com.zp.common.domain.DictDO> com.zp.common.controller.DictController.listType()
2018-05-07 17:02:30 -Mapped "{[/common/dict/list/{type}],methods=[GET]}" onto public java.util.List<com.zp.common.domain.DictDO> com.zp.common.controller.DictController.listByType(java.lang.String)
2018-05-07 17:02:30 -Mapped "{[/common/dict],methods=[GET]}" onto java.lang.String com.zp.common.controller.DictController.dict()
2018-05-07 17:02:30 -Mapped "{[/common/dict/add/{type}/{description}],methods=[GET]}" onto java.lang.String com.zp.common.controller.DictController.addD(org.springframework.ui.Model,java.lang.String,java.lang.String)
2018-05-07 17:02:30 -Mapped "{[/common/sysFile/add],methods=[GET]}" onto java.lang.String com.zp.common.controller.FileController.add()
2018-05-07 17:02:30 -Mapped "{[/common/sysFile/remove],methods=[POST]}" onto public com.zp.common.utils.R com.zp.common.controller.FileController.remove(java.lang.Long,javax.servlet.http.HttpServletRequest)
2018-05-07 17:02:30 -Mapped "{[/common/sysFile/batchRemove],methods=[POST]}" onto public com.zp.common.utils.R com.zp.common.controller.FileController.remove(java.lang.Long[])
2018-05-07 17:02:30 -Mapped "{[/common/sysFile/update]}" onto public com.zp.common.utils.R com.zp.common.controller.FileController.update(com.zp.common.domain.FileDO)
2018-05-07 17:02:30 -Mapped "{[/common/sysFile/list],methods=[GET]}" onto public com.zp.common.utils.PageUtils com.zp.common.controller.FileController.list(java.util.Map<java.lang.String, java.lang.Object>)
2018-05-07 17:02:30 -Mapped "{[/common/sysFile/save],methods=[POST]}" onto public com.zp.common.utils.R com.zp.common.controller.FileController.save(com.zp.common.domain.FileDO)
2018-05-07 17:02:30 -Mapped "{[/common/sysFile/info/{id}]}" onto public com.zp.common.utils.R com.zp.common.controller.FileController.info(java.lang.Long)
2018-05-07 17:02:30 -Mapped "{[/common/sysFile/edit],methods=[GET]}" onto java.lang.String com.zp.common.controller.FileController.edit(java.lang.Long,org.springframework.ui.Model)
2018-05-07 17:02:30 -Mapped "{[/common/sysFile],methods=[GET]}" onto java.lang.String com.zp.common.controller.FileController.sysFile(org.springframework.ui.Model)
2018-05-07 17:02:30 -Mapped "{[/common/sysFile/upload],methods=[POST]}" onto com.zp.common.utils.R com.zp.common.controller.FileController.upload(org.springframework.web.multipart.MultipartFile,javax.servlet.http.HttpServletRequest)
2018-05-07 17:02:30 -Mapped "{[/common/log/remove],methods=[POST]}" onto com.zp.common.utils.R com.zp.common.controller.LogController.remove(java.lang.Long)
2018-05-07 17:02:30 -Mapped "{[/common/log],methods=[GET]}" onto java.lang.String com.zp.common.controller.LogController.log()
2018-05-07 17:02:30 -Mapped "{[/common/log/list],methods=[GET]}" onto com.zp.common.domain.PageDO<com.zp.common.domain.LogDO> com.zp.common.controller.LogController.list(java.util.Map<java.lang.String, java.lang.Object>)
2018-05-07 17:02:30 -Mapped "{[/common/log/batchRemove],methods=[POST]}" onto com.zp.common.utils.R com.zp.common.controller.LogController.batchRemove(java.lang.Long[])
2018-05-07 17:02:30 -Mapped "{[/oa/notify/add],methods=[GET]}" onto java.lang.String com.zp.oa.controller.NotifyController.add()
2018-05-07 17:02:30 -Mapped "{[/oa/notify/remove],methods=[POST]}" onto public com.zp.common.utils.R com.zp.oa.controller.NotifyController.remove(java.lang.Long)
2018-05-07 17:02:30 -Mapped "{[/oa/notify/batchRemove],methods=[POST]}" onto public com.zp.common.utils.R com.zp.oa.controller.NotifyController.remove(java.lang.Long[])
2018-05-07 17:02:30 -Mapped "{[/oa/notify/update]}" onto public com.zp.common.utils.R com.zp.oa.controller.NotifyController.update(com.zp.oa.domain.NotifyDO)
2018-05-07 17:02:30 -Mapped "{[/oa/notify/read/{id}],methods=[GET]}" onto java.lang.String com.zp.oa.controller.NotifyController.read(java.lang.Long,org.springframework.ui.Model)
2018-05-07 17:02:30 -Mapped "{[/oa/notify/list],methods=[GET]}" onto public com.zp.common.utils.PageUtils com.zp.oa.controller.NotifyController.list(java.util.Map<java.lang.String, java.lang.Object>,java.security.Principal)
2018-05-07 17:02:30 -Mapped "{[/oa/notify/save],methods=[POST]}" onto public com.zp.common.utils.R com.zp.oa.controller.NotifyController.save(com.zp.oa.domain.NotifyDO)
2018-05-07 17:02:30 -Mapped "{[/oa/notify/message],methods=[GET]}" onto com.zp.common.utils.PageUtils com.zp.oa.controller.NotifyController.message()
2018-05-07 17:02:30 -Mapped "{[/oa/notify/edit/{id}],methods=[GET]}" onto java.lang.String com.zp.oa.controller.NotifyController.edit(java.lang.Long,org.springframework.ui.Model)
2018-05-07 17:02:30 -Mapped "{[/oa/notify/selfList],methods=[GET]}" onto com.zp.common.utils.PageUtils com.zp.oa.controller.NotifyController.selfList(java.util.Map<java.lang.String, java.lang.Object>)
2018-05-07 17:02:30 -Mapped "{[/oa/notify],methods=[GET]}" onto java.lang.String com.zp.oa.controller.NotifyController.oaNotify()
2018-05-07 17:02:30 -Mapped "{[/oa/notify/selfNotify],methods=[GET]}" onto java.lang.String com.zp.oa.controller.NotifyController.selefNotify()
2018-05-07 17:02:30 -Mapped "{[/system/sysDept/add/{pId}],methods=[GET]}" onto java.lang.String com.zp.system.controller.DeptController.add(java.lang.Long,org.springframework.ui.Model)
2018-05-07 17:02:30 -Mapped "{[/system/sysDept/remove],methods=[POST]}" onto public com.zp.common.utils.R com.zp.system.controller.DeptController.remove(java.lang.Long)
2018-05-07 17:02:30 -Mapped "{[/system/sysDept/batchRemove],methods=[POST]}" onto public com.zp.common.utils.R com.zp.system.controller.DeptController.remove(java.lang.Long[])
2018-05-07 17:02:30 -Mapped "{[/system/sysDept/update]}" onto public com.zp.common.utils.R com.zp.system.controller.DeptController.update(com.zp.system.domain.DeptDO)
2018-05-07 17:02:30 -Mapped "{[/system/sysDept/list],methods=[GET]}" onto public java.util.List<com.zp.system.domain.DeptDO> com.zp.system.controller.DeptController.list()
2018-05-07 17:02:30 -Mapped "{[/system/sysDept/save],methods=[POST]}" onto public com.zp.common.utils.R com.zp.system.controller.DeptController.save(com.zp.system.domain.DeptDO)
2018-05-07 17:02:30 -Mapped "{[/system/sysDept/tree],methods=[GET]}" onto public com.zp.common.domain.Tree<com.zp.system.domain.DeptDO> com.zp.system.controller.DeptController.tree()
2018-05-07 17:02:30 -Mapped "{[/system/sysDept/edit/{deptId}],methods=[GET]}" onto java.lang.String com.zp.system.controller.DeptController.edit(java.lang.Long,org.springframework.ui.Model)
2018-05-07 17:02:30 -Mapped "{[/system/sysDept],methods=[GET]}" onto java.lang.String com.zp.system.controller.DeptController.dept()
2018-05-07 17:02:30 -Mapped "{[/system/sysDept/treeView],methods=[GET]}" onto java.lang.String com.zp.system.controller.DeptController.treeView()
2018-05-07 17:02:30 -Mapped "{[/index],methods=[GET]}" onto java.lang.String com.zp.system.controller.LoginController.index(org.springframework.ui.Model)
2018-05-07 17:02:30 -Mapped "{[/main],methods=[GET]}" onto java.lang.String com.zp.system.controller.LoginController.main()
2018-05-07 17:02:30 -Mapped "{[/login],methods=[POST]}" onto com.zp.common.utils.R com.zp.system.controller.LoginController.ajaxLogin(java.lang.String,java.lang.String)
2018-05-07 17:02:30 -Mapped "{[/logout],methods=[GET]}" onto java.lang.String com.zp.system.controller.LoginController.logout()
2018-05-07 17:02:30 -Mapped "{[/ || ],methods=[GET]}" onto java.lang.String com.zp.system.controller.LoginController.welcome(org.springframework.ui.Model)
2018-05-07 17:02:30 -Mapped "{[/login],methods=[GET]}" onto java.lang.String com.zp.system.controller.LoginController.login()
2018-05-07 17:02:30 -Mapped "{[/sys/menu/add/{pId}],methods=[GET]}" onto java.lang.String com.zp.system.controller.MenuController.add(org.springframework.ui.Model,java.lang.Long)
2018-05-07 17:02:30 -Mapped "{[/sys/menu/remove],methods=[POST]}" onto com.zp.common.utils.R com.zp.system.controller.MenuController.remove(java.lang.Long)
2018-05-07 17:02:30 -Mapped "{[/sys/menu/update],methods=[POST]}" onto com.zp.common.utils.R com.zp.system.controller.MenuController.update(com.zp.system.domain.MenuDO)
2018-05-07 17:02:30 -Mapped "{[/sys/menu/list]}" onto java.util.List<com.zp.system.domain.MenuDO> com.zp.system.controller.MenuController.list(java.util.Map<java.lang.String, java.lang.Object>)
2018-05-07 17:02:30 -Mapped "{[/sys/menu/save],methods=[POST]}" onto com.zp.common.utils.R com.zp.system.controller.MenuController.save(com.zp.system.domain.MenuDO)
2018-05-07 17:02:30 -Mapped "{[/sys/menu/tree/{roleId}],methods=[GET]}" onto com.zp.common.domain.Tree<com.zp.system.domain.MenuDO> com.zp.system.controller.MenuController.tree(java.lang.Long)
2018-05-07 17:02:30 -Mapped "{[/sys/menu/tree],methods=[GET]}" onto com.zp.common.domain.Tree<com.zp.system.domain.MenuDO> com.zp.system.controller.MenuController.tree()
2018-05-07 17:02:30 -Mapped "{[/sys/menu/edit/{id}],methods=[GET]}" onto java.lang.String com.zp.system.controller.MenuController.edit(org.springframework.ui.Model,java.lang.Long)
2018-05-07 17:02:30 -Mapped "{[/sys/menu],methods=[GET]}" onto java.lang.String com.zp.system.controller.MenuController.menu(org.springframework.ui.Model)
2018-05-07 17:02:31 -Mapped "{[/sys/role/add],methods=[GET]}" onto java.lang.String com.zp.system.controller.RoleController.add()
2018-05-07 17:02:31 -Mapped "{[/sys/role/update],methods=[POST]}" onto com.zp.common.utils.R com.zp.system.controller.RoleController.update(com.zp.system.domain.RoleDO)
2018-05-07 17:02:31 -Mapped "{[/sys/role/list],methods=[GET]}" onto java.util.List<com.zp.system.domain.RoleDO> com.zp.system.controller.RoleController.list()
2018-05-07 17:02:31 -Mapped "{[/sys/role/remove],methods=[POST]}" onto com.zp.common.utils.R com.zp.system.controller.RoleController.save(java.lang.Long)
2018-05-07 17:02:31 -Mapped "{[/sys/role/save],methods=[POST]}" onto com.zp.common.utils.R com.zp.system.controller.RoleController.save(com.zp.system.domain.RoleDO)
2018-05-07 17:02:31 -Mapped "{[/sys/role/batchRemove],methods=[POST]}" onto com.zp.common.utils.R com.zp.system.controller.RoleController.batchRemove(java.lang.Long[])
2018-05-07 17:02:31 -Mapped "{[/sys/role/edit/{id}],methods=[GET]}" onto java.lang.String com.zp.system.controller.RoleController.edit(java.lang.Long,org.springframework.ui.Model)
2018-05-07 17:02:31 -Mapped "{[/sys/role],methods=[GET]}" onto java.lang.String com.zp.system.controller.RoleController.role()
2018-05-07 17:02:31 -Mapped "{[/sys/online/list]}" onto public java.util.List<com.zp.system.domain.UserOnline> com.zp.system.controller.SessionController.list()
2018-05-07 17:02:31 -Mapped "{[/sys/online/forceLogout/{sessionId}]}" onto public com.zp.common.utils.R com.zp.system.controller.SessionController.forceLogout(java.lang.String,org.springframework.web.servlet.mvc.support.RedirectAttributes)
2018-05-07 17:02:31 -Mapped "{[/sys/online/sessionList]}" onto public java.util.Collection<org.apache.shiro.session.Session> com.zp.system.controller.SessionController.sessionList()
2018-05-07 17:02:31 -Mapped "{[/sys/online],methods=[GET]}" onto public java.lang.String com.zp.system.controller.SessionController.online()
2018-05-07 17:02:31 -Mapped "{[/sys/user/exit],methods=[POST]}" onto boolean com.zp.system.controller.UserController.exit(java.util.Map<java.lang.String, java.lang.Object>)
2018-05-07 17:02:31 -Mapped "{[/sys/user/add],methods=[GET]}" onto java.lang.String com.zp.system.controller.UserController.add(org.springframework.ui.Model)
2018-05-07 17:02:31 -Mapped "{[/sys/user/remove],methods=[POST]}" onto com.zp.common.utils.R com.zp.system.controller.UserController.remove(java.lang.Long)
2018-05-07 17:02:31 -Mapped "{[/sys/user/update],methods=[POST]}" onto com.zp.common.utils.R com.zp.system.controller.UserController.update(com.zp.system.domain.UserDO)
2018-05-07 17:02:31 -Mapped "{[/sys/user/list],methods=[GET]}" onto com.zp.common.utils.PageUtils com.zp.system.controller.UserController.list(java.util.Map<java.lang.String, java.lang.Object>)
2018-05-07 17:02:31 -Mapped "{[/sys/user/save],methods=[POST]}" onto com.zp.common.utils.R com.zp.system.controller.UserController.save(com.zp.system.domain.UserDO)
2018-05-07 17:02:31 -Mapped "{[/sys/user/batchRemove],methods=[POST]}" onto com.zp.common.utils.R com.zp.system.controller.UserController.batchRemove(java.lang.Long[])
2018-05-07 17:02:31 -Mapped "{[/sys/user/tree],methods=[GET]}" onto public com.zp.common.domain.Tree<com.zp.system.domain.DeptDO> com.zp.system.controller.UserController.tree()
2018-05-07 17:02:31 -Mapped "{[/sys/user/uploadImg],methods=[POST]}" onto com.zp.common.utils.R com.zp.system.controller.UserController.uploadImg(org.springframework.web.multipart.MultipartFile,java.lang.String,javax.servlet.http.HttpServletRequest)
2018-05-07 17:02:31 -Mapped "{[/sys/user/edit/{id}],methods=[GET]}" onto java.lang.String com.zp.system.controller.UserController.edit(org.springframework.ui.Model,java.lang.Long)
2018-05-07 17:02:31 -Mapped "{[/sys/user],methods=[GET]}" onto java.lang.String com.zp.system.controller.UserController.user(org.springframework.ui.Model)
2018-05-07 17:02:31 -Mapped "{[/sys/user/updatePeronal],methods=[POST]}" onto com.zp.common.utils.R com.zp.system.controller.UserController.updatePeronal(com.zp.system.domain.UserDO)
2018-05-07 17:02:31 -Mapped "{[/sys/user/adminResetPwd],methods=[POST]}" onto com.zp.common.utils.R com.zp.system.controller.UserController.adminResetPwd(com.zp.system.vo.UserVO)
2018-05-07 17:02:31 -Mapped "{[/sys/user/treeView],methods=[GET]}" onto java.lang.String com.zp.system.controller.UserController.treeView()
2018-05-07 17:02:31 -Mapped "{[/sys/user/resetPwd/{id}],methods=[GET]}" onto java.lang.String com.zp.system.controller.UserController.resetPwd(java.lang.Long,org.springframework.ui.Model)
2018-05-07 17:02:31 -Mapped "{[/sys/user/resetPwd],methods=[POST]}" onto com.zp.common.utils.R com.zp.system.controller.UserController.resetPwd(com.zp.system.vo.UserVO)
2018-05-07 17:02:31 -Mapped "{[/sys/user/personal],methods=[GET]}" onto java.lang.String com.zp.system.controller.UserController.personal(org.springframework.ui.Model)
2018-05-07 17:02:31 -Mapped "{[/]}" onto public java.lang.String com.zp.test.TestController.index(org.springframework.ui.Model)
2018-05-07 17:02:31 -Mapped "{[/test],methods=[GET]}" onto public java.lang.String com.zp.test.TestController.test(org.springframework.ui.Model)
2018-05-07 17:02:31 -Mapped "{[/v2/api-docs],methods=[GET],produces=[application/json || application/hal+json]}" onto public org.springframework.http.ResponseEntity<springfox.documentation.spring.web.json.Json> springfox.documentation.swagger2.web.Swagger2Controller.getDocumentation(java.lang.String,javax.servlet.http.HttpServletRequest)
2018-05-07 17:02:31 -Mapped "{[/swagger-resources/configuration/security]}" onto org.springframework.http.ResponseEntity<springfox.documentation.swagger.web.SecurityConfiguration> springfox.documentation.swagger.web.ApiResourceController.securityConfiguration()
2018-05-07 17:02:31 -Mapped "{[/swagger-resources/configuration/ui]}" onto org.springframework.http.ResponseEntity<springfox.documentation.swagger.web.UiConfiguration> springfox.documentation.swagger.web.ApiResourceController.uiConfiguration()
2018-05-07 17:02:31 -Mapped "{[/swagger-resources]}" onto org.springframework.http.ResponseEntity<java.util.List<springfox.documentation.swagger.web.SwaggerResource>> springfox.documentation.swagger.web.ApiResourceController.swaggerResources()
2018-05-07 17:02:31 -Mapped "{[/error]}" onto public org.springframework.http.ResponseEntity<java.util.Map<java.lang.String, java.lang.Object>> org.springframework.boot.autoconfigure.web.BasicErrorController.error(javax.servlet.http.HttpServletRequest)
2018-05-07 17:02:31 -Mapped "{[/error],produces=[text/html]}" onto public org.springframework.web.servlet.ModelAndView org.springframework.boot.autoconfigure.web.BasicErrorController.errorHtml(javax.servlet.http.HttpServletRequest,javax.servlet.http.HttpServletResponse)
2018-05-07 17:02:32 -Initializing ExecutorService  'messageBrokerTaskScheduler'
2018-05-07 17:02:32 -Mapped URL path [/endpointChat/**] onto handler of type [class org.springframework.web.socket.sockjs.support.SockJsHttpRequestHandler]
2018-05-07 17:02:32 -Initializing ExecutorService  'brokerChannelExecutor'
2018-05-07 17:02:33 -Using existing EHCache named [passwordRetryCache]
2018-05-07 17:02:35 -Looking for @ControllerAdvice: org.springframework.boot.context.embedded.AnnotationConfigEmbeddedWebApplicationContext@113052e: startup date [Mon May 07 17:01:59 CST 2018]; root of context hierarchy
2018-05-07 17:02:35 -Mapped URL path [/files/**] onto handler of type [class org.springframework.web.servlet.resource.ResourceHttpRequestHandler]
2018-05-07 17:02:35 -Mapped URL path [/webjars/**] onto handler of type [class org.springframework.web.servlet.resource.ResourceHttpRequestHandler]
2018-05-07 17:02:35 -Mapped URL path [/**] onto handler of type [class org.springframework.web.servlet.resource.ResourceHttpRequestHandler]
2018-05-07 17:02:36 -Mapped URL path [/**/favicon.ico] onto handler of type [class org.springframework.web.servlet.resource.ResourceHttpRequestHandler]
2018-05-07 17:02:41 -

Using default security password: c6c23318-283a-4cdf-99df-b27c7d164f8b

2018-05-07 17:02:41 -Creating filter chain: OrRequestMatcher [requestMatchers=[Ant [pattern='/css/**'], Ant [pattern='/js/**'], Ant [pattern='/images/**'], Ant [pattern='/webjars/**'], Ant [pattern='/**/favicon.ico'], Ant [pattern='/error']]], []
2018-05-07 17:02:42 -Creating filter chain: org.springframework.boot.autoconfigure.security.SpringBootWebSecurityConfiguration$ApplicationNoWebSecurityConfigurerAdapter$1@2db992, [org.springframework.security.web.context.request.async.WebAsyncManagerIntegrationFilter@1a591d9, org.springframework.security.web.context.SecurityContextPersistenceFilter@13a27f8, org.springframework.security.web.header.HeaderWriterFilter@d14ea0, org.springframework.security.web.csrf.CsrfFilter@1e37d27, org.springframework.security.web.authentication.logout.LogoutFilter@4e0a77, org.springframework.security.web.savedrequest.RequestCacheAwareFilter@da7dd3, org.springframework.security.web.servletapi.SecurityContextHolderAwareRequestFilter@6be812, org.springframework.security.web.authentication.AnonymousAuthenticationFilter@1812935, org.springframework.security.web.session.SessionManagementFilter@7607e5, org.springframework.security.web.access.ExceptionTranslationFilter@1919230]
2018-05-07 17:02:44 -Registering beans for JMX exposure on startup
2018-05-07 17:02:44 -Bean with name 'dataSource' has been autodetected for JMX exposure
2018-05-07 17:02:44 -Located MBean 'dataSource': registering with JMX server as MBean [com.alibaba.druid.pool:name=dataSource,type=DruidDataSource]
2018-05-07 17:02:44 -Starting beans in phase 2147483647
2018-05-07 17:02:44 -Context refreshed
2018-05-07 17:02:44 -Found 1 custom documentation plugin(s)
2018-05-07 17:02:44 -Scanning for api listing references
2018-05-07 17:02:45 -Generating unique operation named: removeUsingPOST_1
2018-05-07 17:02:46 -Generating unique operation named: addUsingGET_1
2018-05-07 17:02:46 -Generating unique operation named: editUsingGET_1
2018-05-07 17:02:46 -Generating unique operation named: listUsingGET_1
2018-05-07 17:02:46 -Generating unique operation named: removeUsingPOST_2
2018-05-07 17:02:46 -Generating unique operation named: removeUsingPOST_3
2018-05-07 17:02:46 -Generating unique operation named: saveUsingPOST_1
2018-05-07 17:02:46 -Generating unique operation named: updateUsingGET_1
2018-05-07 17:02:46 -Generating unique operation named: updateUsingHEAD_1
2018-05-07 17:02:46 -Generating unique operation named: updateUsingPOST_1
2018-05-07 17:02:46 -Generating unique operation named: updateUsingPUT_1
2018-05-07 17:02:46 -Generating unique operation named: updateUsingPATCH_1
2018-05-07 17:02:46 -Generating unique operation named: updateUsingDELETE_1
2018-05-07 17:02:46 -Generating unique operation named: updateUsingOPTIONS_1
2018-05-07 17:02:46 -Generating unique operation named: updateUsingTRACE_1
2018-05-07 17:02:46 -Generating unique operation named: addUsingGET_2
2018-05-07 17:02:46 -Generating unique operation named: editUsingGET_2
2018-05-07 17:02:47 -Generating unique operation named: listUsingGET_2
2018-05-07 17:02:47 -Generating unique operation named: removeUsingPOST_4
2018-05-07 17:02:47 -Generating unique operation named: removeUsingPOST_5
2018-05-07 17:02:47 -Generating unique operation named: saveUsingPOST_2
2018-05-07 17:02:47 -Generating unique operation named: updateUsingGET_2
2018-05-07 17:02:47 -Generating unique operation named: updateUsingHEAD_2
2018-05-07 17:02:47 -Generating unique operation named: updateUsingPOST_2
2018-05-07 17:02:47 -Generating unique operation named: updateUsingPUT_2
2018-05-07 17:02:47 -Generating unique operation named: updateUsingPATCH_2
2018-05-07 17:02:47 -Generating unique operation named: updateUsingDELETE_2
2018-05-07 17:02:47 -Generating unique operation named: updateUsingOPTIONS_2
2018-05-07 17:02:47 -Generating unique operation named: updateUsingTRACE_2
2018-05-07 17:02:47 -Generating unique operation named: listUsingGET_3
2018-05-07 17:02:47 -Generating unique operation named: removeUsingPOST_6
2018-05-07 17:02:47 -Generating unique operation named: welcomeUsingGET_1
2018-05-07 17:02:47 -Generating unique operation named: addUsingGET_3
2018-05-07 17:02:47 -Generating unique operation named: editUsingGET_3
2018-05-07 17:02:47 -Generating unique operation named: listUsingGET_4
2018-05-07 17:02:47 -Generating unique operation named: removeUsingPOST_7
2018-05-07 17:02:47 -Generating unique operation named: saveUsingPOST_3
2018-05-07 17:02:47 -Generating unique operation named: treeUsingGET_1
2018-05-07 17:02:47 -Generating unique operation named: treeUsingGET_2
2018-05-07 17:02:47 -Generating unique operation named: updateUsingPOST_3
2018-05-07 17:02:47 -Generating unique operation named: batchRemoveUsingPOST_1
2018-05-07 17:02:47 -Generating unique operation named: editUsingGET_4
2018-05-07 17:02:48 -Generating unique operation named: listUsingGET_5
2018-05-07 17:02:48 -Generating unique operation named: addUsingGET_4
2018-05-07 17:02:48 -Generating unique operation named: editUsingGET_5
2018-05-07 17:02:48 -Generating unique operation named: listUsingGET_6
2018-05-07 17:02:48 -Generating unique operation named: removeUsingPOST_8
2018-05-07 17:02:48 -Generating unique operation named: removeUsingPOST_9
2018-05-07 17:02:48 -Generating unique operation named: saveUsingPOST_4
2018-05-07 17:02:48 -Generating unique operation named: updateUsingGET_3
2018-05-07 17:02:48 -Generating unique operation named: updateUsingHEAD_3
2018-05-07 17:02:48 -Generating unique operation named: updateUsingPOST_4
2018-05-07 17:02:48 -Generating unique operation named: updateUsingPUT_3
2018-05-07 17:02:48 -Generating unique operation named: updateUsingPATCH_3
2018-05-07 17:02:48 -Generating unique operation named: updateUsingDELETE_3
2018-05-07 17:02:48 -Generating unique operation named: updateUsingOPTIONS_3
2018-05-07 17:02:48 -Generating unique operation named: updateUsingTRACE_3
2018-05-07 17:02:48 -Generating unique operation named: addUsingGET_5
2018-05-07 17:02:48 -Generating unique operation named: batchRemoveUsingPOST_2
2018-05-07 17:02:48 -Generating unique operation named: deployUsingPOST_1
2018-05-07 17:02:48 -Generating unique operation named: listUsingGET_7
2018-05-07 17:02:48 -Generating unique operation named: removeUsingPOST_10
2018-05-07 17:02:48 -Generating unique operation named: addUsingGET_6
2018-05-07 17:02:48 -Generating unique operation named: batchRemoveUsingPOST_3
2018-05-07 17:02:48 -Generating unique operation named: editUsingGET_6
2018-05-07 17:02:48 -Generating unique operation named: listUsingGET_8
2018-05-07 17:02:49 -Generating unique operation named: saveUsingPOST_5
2018-05-07 17:02:49 -Generating unique operation named: saveUsingPOST_6
2018-05-07 17:02:49 -Generating unique operation named: updateUsingPOST_5
2018-05-07 17:02:49 -Generating unique operation named: addUsingGET_7
2018-05-07 17:02:49 -Generating unique operation named: editUsingGET_7
2018-05-07 17:02:49 -Generating unique operation named: listUsingGET_9
2018-05-07 17:02:49 -Generating unique operation named: removeUsingPOST_11
2018-05-07 17:02:49 -Generating unique operation named: removeUsingPOST_12
2018-05-07 17:02:49 -Generating unique operation named: updateUsingGET_4
2018-05-07 17:02:49 -Generating unique operation named: updateUsingHEAD_4
2018-05-07 17:02:49 -Generating unique operation named: updateUsingPOST_6
2018-05-07 17:02:49 -Generating unique operation named: updateUsingPUT_4
2018-05-07 17:02:49 -Generating unique operation named: updateUsingPATCH_4
2018-05-07 17:02:49 -Generating unique operation named: updateUsingDELETE_4
2018-05-07 17:02:49 -Generating unique operation named: updateUsingOPTIONS_4
2018-05-07 17:02:49 -Generating unique operation named: updateUsingTRACE_4
2018-05-07 17:02:49 -Generating unique operation named: listUsingGET_10
2018-05-07 17:02:49 -Generating unique operation named: listUsingHEAD_1
2018-05-07 17:02:49 -Generating unique operation named: listUsingPOST_1
2018-05-07 17:02:49 -Generating unique operation named: listUsingPUT_1
2018-05-07 17:02:49 -Generating unique operation named: listUsingPATCH_1
2018-05-07 17:02:49 -Generating unique operation named: listUsingDELETE_1
2018-05-07 17:02:49 -Generating unique operation named: listUsingOPTIONS_1
2018-05-07 17:02:49 -Generating unique operation named: listUsingTRACE_1
2018-05-07 17:02:49 -Generating unique operation named: listUsingGET_11
2018-05-07 17:02:49 -Generating unique operation named: indexUsingGET_1
2018-05-07 17:02:49 -Generating unique operation named: addUsingGET_8
2018-05-07 17:02:49 -Generating unique operation named: batchRemoveUsingPOST_4
2018-05-07 17:02:49 -Generating unique operation named: editUsingGET_8
2018-05-07 17:02:49 -Generating unique operation named: listUsingGET_12
2018-05-07 17:02:49 -Generating unique operation named: removeUsingPOST_13
2018-05-07 17:02:49 -Generating unique operation named: saveUsingPOST_7
2018-05-07 17:02:49 -Generating unique operation named: treeUsingGET_3
2018-05-07 17:02:50 -Generating unique operation named: treeViewUsingGET_1
2018-05-07 17:02:50 -Generating unique operation named: updateUsingPOST_7
2018-05-07 17:02:50 -Starting...
2018-05-07 17:02:50 -BrokerAvailabilityEvent[available=true, SimpleBrokerMessageHandler [DefaultSubscriptionRegistry[cache[0 destination(s)], registry[0 sessions]]]]
2018-05-07 17:02:50 -Started.
2018-05-07 17:02:50 -Initializing ProtocolHandler ["http-nio-80"]
2018-05-07 17:02:50 -Starting ProtocolHandler ["http-nio-80"]
2018-05-07 17:02:50 -Using a shared selector for servlet write/read
2018-05-07 17:02:50 -Tomcat started on port(s): 80 (http)
2018-05-07 17:02:50 -Started BlogApplication in 53.447 seconds (JVM running for 58.567)
2018-05-07 17:02:58 -Initializing Spring FrameworkServlet 'dispatcherServlet'
2018-05-07 17:02:58 -FrameworkServlet 'dispatcherServlet': initialization started
2018-05-07 17:02:58 -FrameworkServlet 'dispatcherServlet': initialization completed in 135 ms
2018-05-07 17:02:58 -Enabling session validation scheduler...
2018-05-07 17:02:59 -[THYMELEAF] INITIALIZING TEMPLATE ENGINE
2018-05-07 17:02:59 -[THYMELEAF] INITIALIZING TEMPLATE RESOLVER: org.thymeleaf.spring4.templateresolver.SpringResourceTemplateResolver
2018-05-07 17:02:59 -[THYMELEAF] TEMPLATE RESOLVER INITIALIZED OK
2018-05-07 17:02:59 -[THYMELEAF] INITIALIZING MESSAGE RESOLVER: org.thymeleaf.spring4.messageresolver.SpringMessageResolver
2018-05-07 17:02:59 -[THYMELEAF] MESSAGE RESOLVER INITIALIZED OK
2018-05-07 17:02:59 -[THYMELEAF] TEMPLATE ENGINE CONFIGURATION:
[THYMELEAF] * Cache Factory implementation: org.thymeleaf.cache.StandardCacheManager
[THYMELEAF] * Template modes:
[THYMELEAF]     * XML
[THYMELEAF]     * XHTML
[THYMELEAF]     * HTML5
[THYMELEAF]     * VALIDXML
[THYMELEAF]     * LEGACYHTML5
[THYMELEAF]     * VALIDXHTML
[THYMELEAF] * Template resolvers (in order):
[THYMELEAF]     * org.thymeleaf.spring4.templateresolver.SpringResourceTemplateResolver
[THYMELEAF] * Message resolvers (in order):
[THYMELEAF]     * org.thymeleaf.spring4.messageresolver.SpringMessageResolver
[THYMELEAF] * Dialect [1 of 3]: org.thymeleaf.spring4.dialect.SpringStandardDialect
[THYMELEAF]     * Prefix: "th"
[THYMELEAF] * Dialect [2 of 3]: at.pollux.thymeleaf.shiro.dialect.ShiroDialect
[THYMELEAF]     * Prefix: "shiro"
[THYMELEAF] * Dialect [3 of 3]: nz.net.ultraq.thymeleaf.LayoutDialect
[THYMELEAF]     * Prefix: "layout"
[THYMELEAF] TEMPLATE ENGINE CONFIGURED OK
2018-05-07 17:02:59 -[THYMELEAF] TEMPLATE ENGINE INITIALIZED
2018-05-07 17:03:32 -WebSocketSession[1 current WS(1)-HttpStream(0)-HttpPoll(0), 1 total, 0 closed abnormally (0 connect failure, 0 send limit, 0 transport error)], stompSubProtocol[processed CONNECT(1)-CONNECTED(1)-DISCONNECT(0)], stompBrokerRelay[null], inboundChannel[pool size = 8, active threads = 0, queued tasks = 0, completed tasks = 9], outboundChannelpool size = 1, active threads = 0, queued tasks = 0, completed tasks = 1], sockJsScheduler[pool size = 4, active threads = 1, queued tasks = 2, completed tasks = 5]
2018-05-07 17:03:39 -Processing resource new-process.process.png
2018-05-07 17:03:39 -Processing resource new-process.bpmn20.xml
2018-05-07 17:09:01 -Servlet.service() for servlet [dispatcherServlet] in context with path [] threw exception [Request processing failed; nested exception is org.activiti.engine.ActivitiException: 部署失败！] with root cause
java.lang.NullPointerException: null
	at com.zp.activiti.controller.ProcessController.deploy(ProcessController.java:99)
	at com.zp.activiti.controller.ProcessController$$FastClassBySpringCGLIB$$b3b2ff1d.invoke(<generated>)
	at org.springframework.cglib.proxy.MethodProxy.invoke(MethodProxy.java:204)
	at org.springframework.aop.framework.CglibAopProxy$CglibMethodInvocation.invokeJoinpoint(CglibAopProxy.java:738)
	at org.springframework.aop.framework.ReflectiveMethodInvocation.proceed(ReflectiveMethodInvocation.java:157)
	at org.springframework.transaction.interceptor.TransactionInterceptor$1.proceedWithInvocation(TransactionInterceptor.java:99)
	at org.springframework.transaction.interceptor.TransactionAspectSupport.invokeWithinTransaction(TransactionAspectSupport.java:282)
	at org.springframework.transaction.interceptor.TransactionInterceptor.invoke(TransactionInterceptor.java:96)
	at org.springframework.aop.framework.ReflectiveMethodInvocation.proceed(ReflectiveMethodInvocation.java:179)
	at org.springframework.aop.framework.CglibAopProxy$DynamicAdvisedInterceptor.intercept(CglibAopProxy.java:673)
	at com.zp.activiti.controller.ProcessController$$EnhancerBySpringCGLIB$$87a32527.deploy(<generated>)
	at sun.reflect.NativeMethodAccessorImpl.invoke0(Native Method)
	at sun.reflect.NativeMethodAccessorImpl.invoke(NativeMethodAccessorImpl.java:62)
	at sun.reflect.DelegatingMethodAccessorImpl.invoke(DelegatingMethodAccessorImpl.java:43)
	at java.lang.reflect.Method.invoke(Method.java:498)
	at org.springframework.web.method.support.InvocableHandlerMethod.doInvoke(InvocableHandlerMethod.java:205)
	at org.springframework.web.method.support.InvocableHandlerMethod.invokeForRequest(InvocableHandlerMethod.java:133)
	at org.springframework.web.servlet.mvc.method.annotation.ServletInvocableHandlerMethod.invokeAndHandle(ServletInvocableHandlerMethod.java:97)
	at org.springframework.web.servlet.mvc.method.annotation.RequestMappingHandlerAdapter.invokeHandlerMethod(RequestMappingHandlerAdapter.java:827)
	at org.springframework.web.servlet.mvc.method.annotation.RequestMappingHandlerAdapter.handleInternal(RequestMappingHandlerAdapter.java:738)
	at org.springframework.web.servlet.mvc.method.AbstractHandlerMethodAdapter.handle(AbstractHandlerMethodAdapter.java:85)
	at org.springframework.web.servlet.DispatcherServlet.doDispatch(DispatcherServlet.java:967)
	at org.springframework.web.servlet.DispatcherServlet.doService(DispatcherServlet.java:901)
	at org.springframework.web.servlet.FrameworkServlet.processRequest(FrameworkServlet.java:970)
	at org.springframework.web.servlet.FrameworkServlet.doPost(FrameworkServlet.java:872)
	at javax.servlet.http.HttpServlet.service(HttpServlet.java:661)
	at org.springframework.web.servlet.FrameworkServlet.service(FrameworkServlet.java:846)
	at javax.servlet.http.HttpServlet.service(HttpServlet.java:742)
	at org.apache.catalina.core.ApplicationFilterChain.internalDoFilter(ApplicationFilterChain.java:231)
	at org.apache.catalina.core.ApplicationFilterChain.doFilter(ApplicationFilterChain.java:166)
	at org.apache.tomcat.websocket.server.WsFilter.doFilter(WsFilter.java:52)
	at org.apache.catalina.core.ApplicationFilterChain.internalDoFilter(ApplicationFilterChain.java:193)
	at org.apache.catalina.core.ApplicationFilterChain.doFilter(ApplicationFilterChain.java:166)
	at org.apache.shiro.web.servlet.ProxiedFilterChain.doFilter(ProxiedFilterChain.java:61)
	at org.apache.shiro.web.servlet.AdviceFilter.executeChain(AdviceFilter.java:108)
	at org.apache.shiro.web.servlet.AdviceFilter.doFilterInternal(AdviceFilter.java:137)
	at org.apache.shiro.web.servlet.OncePerRequestFilter.doFilter(OncePerRequestFilter.java:125)
	at org.apache.shiro.web.servlet.ProxiedFilterChain.doFilter(ProxiedFilterChain.java:66)
	at org.apache.shiro.web.servlet.AbstractShiroFilter.executeChain(AbstractShiroFilter.java:449)
	at org.apache.shiro.web.servlet.AbstractShiroFilter$1.call(AbstractShiroFilter.java:365)
	at org.apache.shiro.subject.support.SubjectCallable.doCall(SubjectCallable.java:90)
	at org.apache.shiro.subject.support.SubjectCallable.call(SubjectCallable.java:83)
	at org.apache.shiro.subject.support.DelegatingSubject.execute(DelegatingSubject.java:383)
	at org.apache.shiro.web.servlet.AbstractShiroFilter.doFilterInternal(AbstractShiroFilter.java:362)
	at org.apache.shiro.web.servlet.OncePerRequestFilter.doFilter(OncePerRequestFilter.java:125)
	at org.apache.catalina.core.ApplicationFilterChain.internalDoFilter(ApplicationFilterChain.java:193)
	at org.apache.catalina.core.ApplicationFilterChain.doFilter(ApplicationFilterChain.java:166)
	at com.alibaba.druid.support.http.WebStatFilter.doFilter(WebStatFilter.java:123)
	at org.apache.catalina.core.ApplicationFilterChain.internalDoFilter(ApplicationFilterChain.java:193)
	at org.apache.catalina.core.ApplicationFilterChain.doFilter(ApplicationFilterChain.java:166)
	at org.springframework.security.web.FilterChainProxy.doFilterInternal(FilterChainProxy.java:208)
	at org.springframework.security.web.FilterChainProxy.doFilter(FilterChainProxy.java:177)
	at org.springframework.web.filter.DelegatingFilterProxy.invokeDelegate(DelegatingFilterProxy.java:347)
	at org.springframework.web.filter.DelegatingFilterProxy.doFilter(DelegatingFilterProxy.java:263)
	at org.apache.catalina.core.ApplicationFilterChain.internalDoFilter(ApplicationFilterChain.java:193)
	at org.apache.catalina.core.ApplicationFilterChain.doFilter(ApplicationFilterChain.java:166)
	at org.springframework.web.filter.RequestContextFilter.doFilterInternal(RequestContextFilter.java:99)
	at org.springframework.web.filter.OncePerRequestFilter.doFilter(OncePerRequestFilter.java:107)
	at org.apache.catalina.core.ApplicationFilterChain.internalDoFilter(ApplicationFilterChain.java:193)
	at org.apache.catalina.core.ApplicationFilterChain.doFilter(ApplicationFilterChain.java:166)
	at org.springframework.web.filter.HttpPutFormContentFilter.doFilterInternal(HttpPutFormContentFilter.java:108)
	at org.springframework.web.filter.OncePerRequestFilter.doFilter(OncePerRequestFilter.java:107)
	at org.apache.catalina.core.ApplicationFilterChain.internalDoFilter(ApplicationFilterChain.java:193)
	at org.apache.catalina.core.ApplicationFilterChain.doFilter(ApplicationFilterChain.java:166)
	at org.springframework.web.filter.HiddenHttpMethodFilter.doFilterInternal(HiddenHttpMethodFilter.java:81)
	at org.springframework.web.filter.OncePerRequestFilter.doFilter(OncePerRequestFilter.java:107)
	at org.apache.catalina.core.ApplicationFilterChain.internalDoFilter(ApplicationFilterChain.java:193)
	at org.apache.catalina.core.ApplicationFilterChain.doFilter(ApplicationFilterChain.java:166)
	at org.springframework.web.filter.CharacterEncodingFilter.doFilterInternal(CharacterEncodingFilter.java:197)
	at org.springframework.web.filter.OncePerRequestFilter.doFilter(OncePerRequestFilter.java:107)
	at org.apache.catalina.core.ApplicationFilterChain.internalDoFilter(ApplicationFilterChain.java:193)
	at org.apache.catalina.core.ApplicationFilterChain.doFilter(ApplicationFilterChain.java:166)
	at org.apache.catalina.core.StandardWrapperValve.invoke(StandardWrapperValve.java:199)
	at org.apache.catalina.core.StandardContextValve.invoke(StandardContextValve.java:96)
	at org.apache.catalina.authenticator.AuthenticatorBase.invoke(AuthenticatorBase.java:478)
	at org.apache.catalina.core.StandardHostValve.invoke(StandardHostValve.java:140)
	at org.apache.catalina.valves.ErrorReportValve.invoke(ErrorReportValve.java:81)
	at org.apache.catalina.core.StandardEngineValve.invoke(StandardEngineValve.java:87)
	at org.apache.catalina.connector.CoyoteAdapter.service(CoyoteAdapter.java:342)
	at org.apache.coyote.http11.Http11Processor.service(Http11Processor.java:803)
	at org.apache.coyote.AbstractProcessorLight.process(AbstractProcessorLight.java:66)
	at org.apache.coyote.AbstractProtocol$ConnectionHandler.process(AbstractProtocol.java:868)
	at org.apache.tomcat.util.net.NioEndpoint$SocketProcessor.doRun(NioEndpoint.java:1459)
	at org.apache.tomcat.util.net.SocketProcessorBase.run(SocketProcessorBase.java:49)
	at java.util.concurrent.ThreadPoolExecutor.runWorker(ThreadPoolExecutor.java:1142)
	at java.util.concurrent.ThreadPoolExecutor$Worker.run(ThreadPoolExecutor.java:617)
	at org.apache.tomcat.util.threads.TaskThread$WrappingRunnable.run(TaskThread.java:61)
	at java.lang.Thread.run(Thread.java:745)
2018-05-07 17:09:50 -Servlet.service() for servlet [dispatcherServlet] in context with path [] threw exception [Request processing failed; nested exception is org.activiti.engine.ActivitiException: 部署失败！] with root cause
java.lang.NullPointerException: null
	at com.zp.activiti.controller.ProcessController.deploy(ProcessController.java:99)
	at com.zp.activiti.controller.ProcessController$$FastClassBySpringCGLIB$$b3b2ff1d.invoke(<generated>)
	at org.springframework.cglib.proxy.MethodProxy.invoke(MethodProxy.java:204)
	at org.springframework.aop.framework.CglibAopProxy$CglibMethodInvocation.invokeJoinpoint(CglibAopProxy.java:738)
	at org.springframework.aop.framework.ReflectiveMethodInvocation.proceed(ReflectiveMethodInvocation.java:157)
	at org.springframework.transaction.interceptor.TransactionInterceptor$1.proceedWithInvocation(TransactionInterceptor.java:99)
	at org.springframework.transaction.interceptor.TransactionAspectSupport.invokeWithinTransaction(TransactionAspectSupport.java:282)
	at org.springframework.transaction.interceptor.TransactionInterceptor.invoke(TransactionInterceptor.java:96)
	at org.springframework.aop.framework.ReflectiveMethodInvocation.proceed(ReflectiveMethodInvocation.java:179)
	at org.springframework.aop.framework.CglibAopProxy$DynamicAdvisedInterceptor.intercept(CglibAopProxy.java:673)
	at com.zp.activiti.controller.ProcessController$$EnhancerBySpringCGLIB$$87a32527.deploy(<generated>)
	at sun.reflect.NativeMethodAccessorImpl.invoke0(Native Method)
	at sun.reflect.NativeMethodAccessorImpl.invoke(NativeMethodAccessorImpl.java:62)
	at sun.reflect.DelegatingMethodAccessorImpl.invoke(DelegatingMethodAccessorImpl.java:43)
	at java.lang.reflect.Method.invoke(Method.java:498)
	at org.springframework.web.method.support.InvocableHandlerMethod.doInvoke(InvocableHandlerMethod.java:205)
	at org.springframework.web.method.support.InvocableHandlerMethod.invokeForRequest(InvocableHandlerMethod.java:133)
	at org.springframework.web.servlet.mvc.method.annotation.ServletInvocableHandlerMethod.invokeAndHandle(ServletInvocableHandlerMethod.java:97)
	at org.springframework.web.servlet.mvc.method.annotation.RequestMappingHandlerAdapter.invokeHandlerMethod(RequestMappingHandlerAdapter.java:827)
	at org.springframework.web.servlet.mvc.method.annotation.RequestMappingHandlerAdapter.handleInternal(RequestMappingHandlerAdapter.java:738)
	at org.springframework.web.servlet.mvc.method.AbstractHandlerMethodAdapter.handle(AbstractHandlerMethodAdapter.java:85)
	at org.springframework.web.servlet.DispatcherServlet.doDispatch(DispatcherServlet.java:967)
	at org.springframework.web.servlet.DispatcherServlet.doService(DispatcherServlet.java:901)
	at org.springframework.web.servlet.FrameworkServlet.processRequest(FrameworkServlet.java:970)
	at org.springframework.web.servlet.FrameworkServlet.doPost(FrameworkServlet.java:872)
	at javax.servlet.http.HttpServlet.service(HttpServlet.java:661)
	at org.springframework.web.servlet.FrameworkServlet.service(FrameworkServlet.java:846)
	at javax.servlet.http.HttpServlet.service(HttpServlet.java:742)
	at org.apache.catalina.core.ApplicationFilterChain.internalDoFilter(ApplicationFilterChain.java:231)
	at org.apache.catalina.core.ApplicationFilterChain.doFilter(ApplicationFilterChain.java:166)
	at org.apache.tomcat.websocket.server.WsFilter.doFilter(WsFilter.java:52)
	at org.apache.catalina.core.ApplicationFilterChain.internalDoFilter(ApplicationFilterChain.java:193)
	at org.apache.catalina.core.ApplicationFilterChain.doFilter(ApplicationFilterChain.java:166)
	at org.apache.shiro.web.servlet.ProxiedFilterChain.doFilter(ProxiedFilterChain.java:61)
	at org.apache.shiro.web.servlet.AdviceFilter.executeChain(AdviceFilter.java:108)
	at org.apache.shiro.web.servlet.AdviceFilter.doFilterInternal(AdviceFilter.java:137)
	at org.apache.shiro.web.servlet.OncePerRequestFilter.doFilter(OncePerRequestFilter.java:125)
	at org.apache.shiro.web.servlet.ProxiedFilterChain.doFilter(ProxiedFilterChain.java:66)
	at org.apache.shiro.web.servlet.AbstractShiroFilter.executeChain(AbstractShiroFilter.java:449)
	at org.apache.shiro.web.servlet.AbstractShiroFilter$1.call(AbstractShiroFilter.java:365)
	at org.apache.shiro.subject.support.SubjectCallable.doCall(SubjectCallable.java:90)
	at org.apache.shiro.subject.support.SubjectCallable.call(SubjectCallable.java:83)
	at org.apache.shiro.subject.support.DelegatingSubject.execute(DelegatingSubject.java:383)
	at org.apache.shiro.web.servlet.AbstractShiroFilter.doFilterInternal(AbstractShiroFilter.java:362)
	at org.apache.shiro.web.servlet.OncePerRequestFilter.doFilter(OncePerRequestFilter.java:125)
	at org.apache.catalina.core.ApplicationFilterChain.internalDoFilter(ApplicationFilterChain.java:193)
	at org.apache.catalina.core.ApplicationFilterChain.doFilter(ApplicationFilterChain.java:166)
	at com.alibaba.druid.support.http.WebStatFilter.doFilter(WebStatFilter.java:123)
	at org.apache.catalina.core.ApplicationFilterChain.internalDoFilter(ApplicationFilterChain.java:193)
	at org.apache.catalina.core.ApplicationFilterChain.doFilter(ApplicationFilterChain.java:166)
	at org.springframework.security.web.FilterChainProxy.doFilterInternal(FilterChainProxy.java:208)
	at org.springframework.security.web.FilterChainProxy.doFilter(FilterChainProxy.java:177)
	at org.springframework.web.filter.DelegatingFilterProxy.invokeDelegate(DelegatingFilterProxy.java:347)
	at org.springframework.web.filter.DelegatingFilterProxy.doFilter(DelegatingFilterProxy.java:263)
	at org.apache.catalina.core.ApplicationFilterChain.internalDoFilter(ApplicationFilterChain.java:193)
	at org.apache.catalina.core.ApplicationFilterChain.doFilter(ApplicationFilterChain.java:166)
	at org.springframework.web.filter.RequestContextFilter.doFilterInternal(RequestContextFilter.java:99)
	at org.springframework.web.filter.OncePerRequestFilter.doFilter(OncePerRequestFilter.java:107)
	at org.apache.catalina.core.ApplicationFilterChain.internalDoFilter(ApplicationFilterChain.java:193)
	at org.apache.catalina.core.ApplicationFilterChain.doFilter(ApplicationFilterChain.java:166)
	at org.springframework.web.filter.HttpPutFormContentFilter.doFilterInternal(HttpPutFormContentFilter.java:108)
	at org.springframework.web.filter.OncePerRequestFilter.doFilter(OncePerRequestFilter.java:107)
	at org.apache.catalina.core.ApplicationFilterChain.internalDoFilter(ApplicationFilterChain.java:193)
	at org.apache.catalina.core.ApplicationFilterChain.doFilter(ApplicationFilterChain.java:166)
	at org.springframework.web.filter.HiddenHttpMethodFilter.doFilterInternal(HiddenHttpMethodFilter.java:81)
	at org.springframework.web.filter.OncePerRequestFilter.doFilter(OncePerRequestFilter.java:107)
	at org.apache.catalina.core.ApplicationFilterChain.internalDoFilter(ApplicationFilterChain.java:193)
	at org.apache.catalina.core.ApplicationFilterChain.doFilter(ApplicationFilterChain.java:166)
	at org.springframework.web.filter.CharacterEncodingFilter.doFilterInternal(CharacterEncodingFilter.java:197)
	at org.springframework.web.filter.OncePerRequestFilter.doFilter(OncePerRequestFilter.java:107)
	at org.apache.catalina.core.ApplicationFilterChain.internalDoFilter(ApplicationFilterChain.java:193)
	at org.apache.catalina.core.ApplicationFilterChain.doFilter(ApplicationFilterChain.java:166)
	at org.apache.catalina.core.StandardWrapperValve.invoke(StandardWrapperValve.java:199)
	at org.apache.catalina.core.StandardContextValve.invoke(StandardContextValve.java:96)
	at org.apache.catalina.authenticator.AuthenticatorBase.invoke(AuthenticatorBase.java:478)
	at org.apache.catalina.core.StandardHostValve.invoke(StandardHostValve.java:140)
	at org.apache.catalina.valves.ErrorReportValve.invoke(ErrorReportValve.java:81)
	at org.apache.catalina.core.StandardEngineValve.invoke(StandardEngineValve.java:87)
	at org.apache.catalina.connector.CoyoteAdapter.service(CoyoteAdapter.java:342)
	at org.apache.coyote.http11.Http11Processor.service(Http11Processor.java:803)
	at org.apache.coyote.AbstractProcessorLight.process(AbstractProcessorLight.java:66)
	at org.apache.coyote.AbstractProtocol$ConnectionHandler.process(AbstractProtocol.java:868)
	at org.apache.tomcat.util.net.NioEndpoint$SocketProcessor.doRun(NioEndpoint.java:1459)
	at org.apache.tomcat.util.net.SocketProcessorBase.run(SocketProcessorBase.java:49)
	at java.util.concurrent.ThreadPoolExecutor.runWorker(ThreadPoolExecutor.java:1142)
	at java.util.concurrent.ThreadPoolExecutor$Worker.run(ThreadPoolExecutor.java:617)
	at org.apache.tomcat.util.threads.TaskThread$WrappingRunnable.run(TaskThread.java:61)
	at java.lang.Thread.run(Thread.java:745)
2018-05-07 17:12:00 -Servlet.service() for servlet [dispatcherServlet] in context with path [] threw exception [Request processing failed; nested exception is org.activiti.engine.ActivitiException: 部署失败！] with root cause
java.lang.NullPointerException: null
	at com.zp.activiti.controller.ProcessController.deploy(ProcessController.java:99)
	at com.zp.activiti.controller.ProcessController$$FastClassBySpringCGLIB$$b3b2ff1d.invoke(<generated>)
	at org.springframework.cglib.proxy.MethodProxy.invoke(MethodProxy.java:204)
	at org.springframework.aop.framework.CglibAopProxy$CglibMethodInvocation.invokeJoinpoint(CglibAopProxy.java:738)
	at org.springframework.aop.framework.ReflectiveMethodInvocation.proceed(ReflectiveMethodInvocation.java:157)
	at org.springframework.transaction.interceptor.TransactionInterceptor$1.proceedWithInvocation(TransactionInterceptor.java:99)
	at org.springframework.transaction.interceptor.TransactionAspectSupport.invokeWithinTransaction(TransactionAspectSupport.java:282)
	at org.springframework.transaction.interceptor.TransactionInterceptor.invoke(TransactionInterceptor.java:96)
	at org.springframework.aop.framework.ReflectiveMethodInvocation.proceed(ReflectiveMethodInvocation.java:179)
	at org.springframework.aop.framework.CglibAopProxy$DynamicAdvisedInterceptor.intercept(CglibAopProxy.java:673)
	at com.zp.activiti.controller.ProcessController$$EnhancerBySpringCGLIB$$87a32527.deploy(<generated>)
	at sun.reflect.NativeMethodAccessorImpl.invoke0(Native Method)
	at sun.reflect.NativeMethodAccessorImpl.invoke(NativeMethodAccessorImpl.java:62)
	at sun.reflect.DelegatingMethodAccessorImpl.invoke(DelegatingMethodAccessorImpl.java:43)
	at java.lang.reflect.Method.invoke(Method.java:498)
	at org.springframework.web.method.support.InvocableHandlerMethod.doInvoke(InvocableHandlerMethod.java:205)
	at org.springframework.web.method.support.InvocableHandlerMethod.invokeForRequest(InvocableHandlerMethod.java:133)
	at org.springframework.web.servlet.mvc.method.annotation.ServletInvocableHandlerMethod.invokeAndHandle(ServletInvocableHandlerMethod.java:97)
	at org.springframework.web.servlet.mvc.method.annotation.RequestMappingHandlerAdapter.invokeHandlerMethod(RequestMappingHandlerAdapter.java:827)
	at org.springframework.web.servlet.mvc.method.annotation.RequestMappingHandlerAdapter.handleInternal(RequestMappingHandlerAdapter.java:738)
	at org.springframework.web.servlet.mvc.method.AbstractHandlerMethodAdapter.handle(AbstractHandlerMethodAdapter.java:85)
	at org.springframework.web.servlet.DispatcherServlet.doDispatch(DispatcherServlet.java:967)
	at org.springframework.web.servlet.DispatcherServlet.doService(DispatcherServlet.java:901)
	at org.springframework.web.servlet.FrameworkServlet.processRequest(FrameworkServlet.java:970)
	at org.springframework.web.servlet.FrameworkServlet.doPost(FrameworkServlet.java:872)
	at javax.servlet.http.HttpServlet.service(HttpServlet.java:661)
	at org.springframework.web.servlet.FrameworkServlet.service(FrameworkServlet.java:846)
	at javax.servlet.http.HttpServlet.service(HttpServlet.java:742)
	at org.apache.catalina.core.ApplicationFilterChain.internalDoFilter(ApplicationFilterChain.java:231)
	at org.apache.catalina.core.ApplicationFilterChain.doFilter(ApplicationFilterChain.java:166)
	at org.apache.tomcat.websocket.server.WsFilter.doFilter(WsFilter.java:52)
	at org.apache.catalina.core.ApplicationFilterChain.internalDoFilter(ApplicationFilterChain.java:193)
	at org.apache.catalina.core.ApplicationFilterChain.doFilter(ApplicationFilterChain.java:166)
	at org.apache.shiro.web.servlet.ProxiedFilterChain.doFilter(ProxiedFilterChain.java:61)
	at org.apache.shiro.web.servlet.AdviceFilter.executeChain(AdviceFilter.java:108)
	at org.apache.shiro.web.servlet.AdviceFilter.doFilterInternal(AdviceFilter.java:137)
	at org.apache.shiro.web.servlet.OncePerRequestFilter.doFilter(OncePerRequestFilter.java:125)
	at org.apache.shiro.web.servlet.ProxiedFilterChain.doFilter(ProxiedFilterChain.java:66)
	at org.apache.shiro.web.servlet.AbstractShiroFilter.executeChain(AbstractShiroFilter.java:449)
	at org.apache.shiro.web.servlet.AbstractShiroFilter$1.call(AbstractShiroFilter.java:365)
	at org.apache.shiro.subject.support.SubjectCallable.doCall(SubjectCallable.java:90)
	at org.apache.shiro.subject.support.SubjectCallable.call(SubjectCallable.java:83)
	at org.apache.shiro.subject.support.DelegatingSubject.execute(DelegatingSubject.java:383)
	at org.apache.shiro.web.servlet.AbstractShiroFilter.doFilterInternal(AbstractShiroFilter.java:362)
	at org.apache.shiro.web.servlet.OncePerRequestFilter.doFilter(OncePerRequestFilter.java:125)
	at org.apache.catalina.core.ApplicationFilterChain.internalDoFilter(ApplicationFilterChain.java:193)
	at org.apache.catalina.core.ApplicationFilterChain.doFilter(ApplicationFilterChain.java:166)
	at com.alibaba.druid.support.http.WebStatFilter.doFilter(WebStatFilter.java:123)
	at org.apache.catalina.core.ApplicationFilterChain.internalDoFilter(ApplicationFilterChain.java:193)
	at org.apache.catalina.core.ApplicationFilterChain.doFilter(ApplicationFilterChain.java:166)
	at org.springframework.security.web.FilterChainProxy.doFilterInternal(FilterChainProxy.java:208)
	at org.springframework.security.web.FilterChainProxy.doFilter(FilterChainProxy.java:177)
	at org.springframework.web.filter.DelegatingFilterProxy.invokeDelegate(DelegatingFilterProxy.java:347)
	at org.springframework.web.filter.DelegatingFilterProxy.doFilter(DelegatingFilterProxy.java:263)
	at org.apache.catalina.core.ApplicationFilterChain.internalDoFilter(ApplicationFilterChain.java:193)
	at org.apache.catalina.core.ApplicationFilterChain.doFilter(ApplicationFilterChain.java:166)
	at org.springframework.web.filter.RequestContextFilter.doFilterInternal(RequestContextFilter.java:99)
	at org.springframework.web.filter.OncePerRequestFilter.doFilter(OncePerRequestFilter.java:107)
	at org.apache.catalina.core.ApplicationFilterChain.internalDoFilter(ApplicationFilterChain.java:193)
	at org.apache.catalina.core.ApplicationFilterChain.doFilter(ApplicationFilterChain.java:166)
	at org.springframework.web.filter.HttpPutFormContentFilter.doFilterInternal(HttpPutFormContentFilter.java:108)
	at org.springframework.web.filter.OncePerRequestFilter.doFilter(OncePerRequestFilter.java:107)
	at org.apache.catalina.core.ApplicationFilterChain.internalDoFilter(ApplicationFilterChain.java:193)
	at org.apache.catalina.core.ApplicationFilterChain.doFilter(ApplicationFilterChain.java:166)
	at org.springframework.web.filter.HiddenHttpMethodFilter.doFilterInternal(HiddenHttpMethodFilter.java:81)
	at org.springframework.web.filter.OncePerRequestFilter.doFilter(OncePerRequestFilter.java:107)
	at org.apache.catalina.core.ApplicationFilterChain.internalDoFilter(ApplicationFilterChain.java:193)
	at org.apache.catalina.core.ApplicationFilterChain.doFilter(ApplicationFilterChain.java:166)
	at org.springframework.web.filter.CharacterEncodingFilter.doFilterInternal(CharacterEncodingFilter.java:197)
	at org.springframework.web.filter.OncePerRequestFilter.doFilter(OncePerRequestFilter.java:107)
	at org.apache.catalina.core.ApplicationFilterChain.internalDoFilter(ApplicationFilterChain.java:193)
	at org.apache.catalina.core.ApplicationFilterChain.doFilter(ApplicationFilterChain.java:166)
	at org.apache.catalina.core.StandardWrapperValve.invoke(StandardWrapperValve.java:199)
	at org.apache.catalina.core.StandardContextValve.invoke(StandardContextValve.java:96)
	at org.apache.catalina.authenticator.AuthenticatorBase.invoke(AuthenticatorBase.java:478)
	at org.apache.catalina.core.StandardHostValve.invoke(StandardHostValve.java:140)
	at org.apache.catalina.valves.ErrorReportValve.invoke(ErrorReportValve.java:81)
	at org.apache.catalina.core.StandardEngineValve.invoke(StandardEngineValve.java:87)
	at org.apache.catalina.connector.CoyoteAdapter.service(CoyoteAdapter.java:342)
	at org.apache.coyote.http11.Http11Processor.service(Http11Processor.java:803)
	at org.apache.coyote.AbstractProcessorLight.process(AbstractProcessorLight.java:66)
	at org.apache.coyote.AbstractProtocol$ConnectionHandler.process(AbstractProtocol.java:868)
	at org.apache.tomcat.util.net.NioEndpoint$SocketProcessor.doRun(NioEndpoint.java:1459)
	at org.apache.tomcat.util.net.SocketProcessorBase.run(SocketProcessorBase.java:49)
	at java.util.concurrent.ThreadPoolExecutor.runWorker(ThreadPoolExecutor.java:1142)
	at java.util.concurrent.ThreadPoolExecutor$Worker.run(ThreadPoolExecutor.java:617)
	at org.apache.tomcat.util.threads.TaskThread$WrappingRunnable.run(TaskThread.java:61)
	at java.lang.Thread.run(Thread.java:745)
2018-05-07 17:15:17 -Processing resource salary_bpmn20.xml
2018-05-07 17:21:59 -Processing resource salary_salary.png
2018-05-07 17:21:59 -Processing resource salary_bpmn20.xml
2018-05-07 17:30:58 -Error while closing command context
java.lang.NullPointerException: null
	at org.activiti.engine.impl.cmd.GetFormKeyCmd.execute(GetFormKeyCmd.java:71)
	at org.activiti.engine.impl.cmd.GetFormKeyCmd.execute(GetFormKeyCmd.java:29)
	at org.activiti.engine.impl.interceptor.CommandInvoker.execute(CommandInvoker.java:24)
	at org.activiti.engine.impl.interceptor.CommandContextInterceptor.execute(CommandContextInterceptor.java:57)
	at org.activiti.spring.SpringTransactionInterceptor$1.doInTransaction(SpringTransactionInterceptor.java:47)
	at org.springframework.transaction.support.TransactionTemplate.execute(TransactionTemplate.java:133)
	at org.activiti.spring.SpringTransactionInterceptor.execute(SpringTransactionInterceptor.java:45)
	at org.activiti.engine.impl.interceptor.LogInterceptor.execute(LogInterceptor.java:31)
	at org.activiti.engine.impl.cfg.CommandExecutorImpl.execute(CommandExecutorImpl.java:40)
	at org.activiti.engine.impl.cfg.CommandExecutorImpl.execute(CommandExecutorImpl.java:35)
	at org.activiti.engine.impl.FormServiceImpl.getTaskFormKey(FormServiceImpl.java:78)
	at com.zp.activiti.service.impl.ActTaskServiceImpl.getFormKey(ActTaskServiceImpl.java:157)
	at com.zp.activiti.controller.TaskController.form(TaskController.java:70)
	at sun.reflect.NativeMethodAccessorImpl.invoke0(Native Method)
	at sun.reflect.NativeMethodAccessorImpl.invoke(NativeMethodAccessorImpl.java:62)
	at sun.reflect.DelegatingMethodAccessorImpl.invoke(DelegatingMethodAccessorImpl.java:43)
	at java.lang.reflect.Method.invoke(Method.java:498)
	at org.springframework.web.method.support.InvocableHandlerMethod.doInvoke(InvocableHandlerMethod.java:205)
	at org.springframework.web.method.support.InvocableHandlerMethod.invokeForRequest(InvocableHandlerMethod.java:133)
	at org.springframework.web.servlet.mvc.method.annotation.ServletInvocableHandlerMethod.invokeAndHandle(ServletInvocableHandlerMethod.java:97)
	at org.springframework.web.servlet.mvc.method.annotation.RequestMappingHandlerAdapter.invokeHandlerMethod(RequestMappingHandlerAdapter.java:827)
	at org.springframework.web.servlet.mvc.method.annotation.RequestMappingHandlerAdapter.handleInternal(RequestMappingHandlerAdapter.java:738)
	at org.springframework.web.servlet.mvc.method.AbstractHandlerMethodAdapter.handle(AbstractHandlerMethodAdapter.java:85)
	at org.springframework.web.servlet.DispatcherServlet.doDispatch(DispatcherServlet.java:967)
	at org.springframework.web.servlet.DispatcherServlet.doService(DispatcherServlet.java:901)
	at org.springframework.web.servlet.FrameworkServlet.processRequest(FrameworkServlet.java:970)
	at org.springframework.web.servlet.FrameworkServlet.doGet(FrameworkServlet.java:861)
	at javax.servlet.http.HttpServlet.service(HttpServlet.java:635)
	at org.springframework.web.servlet.FrameworkServlet.service(FrameworkServlet.java:846)
	at javax.servlet.http.HttpServlet.service(HttpServlet.java:742)
	at org.apache.catalina.core.ApplicationFilterChain.internalDoFilter(ApplicationFilterChain.java:231)
	at org.apache.catalina.core.ApplicationFilterChain.doFilter(ApplicationFilterChain.java:166)
	at org.apache.tomcat.websocket.server.WsFilter.doFilter(WsFilter.java:52)
	at org.apache.catalina.core.ApplicationFilterChain.internalDoFilter(ApplicationFilterChain.java:193)
	at org.apache.catalina.core.ApplicationFilterChain.doFilter(ApplicationFilterChain.java:166)
	at org.apache.shiro.web.servlet.ProxiedFilterChain.doFilter(ProxiedFilterChain.java:61)
	at org.apache.shiro.web.servlet.AdviceFilter.executeChain(AdviceFilter.java:108)
	at org.apache.shiro.web.servlet.AdviceFilter.doFilterInternal(AdviceFilter.java:137)
	at org.apache.shiro.web.servlet.OncePerRequestFilter.doFilter(OncePerRequestFilter.java:125)
	at org.apache.shiro.web.servlet.ProxiedFilterChain.doFilter(ProxiedFilterChain.java:66)
	at org.apache.shiro.web.servlet.AbstractShiroFilter.executeChain(AbstractShiroFilter.java:449)
	at org.apache.shiro.web.servlet.AbstractShiroFilter$1.call(AbstractShiroFilter.java:365)
	at org.apache.shiro.subject.support.SubjectCallable.doCall(SubjectCallable.java:90)
	at org.apache.shiro.subject.support.SubjectCallable.call(SubjectCallable.java:83)
	at org.apache.shiro.subject.support.DelegatingSubject.execute(DelegatingSubject.java:383)
	at org.apache.shiro.web.servlet.AbstractShiroFilter.doFilterInternal(AbstractShiroFilter.java:362)
	at org.apache.shiro.web.servlet.OncePerRequestFilter.doFilter(OncePerRequestFilter.java:125)
	at org.apache.catalina.core.ApplicationFilterChain.internalDoFilter(ApplicationFilterChain.java:193)
	at org.apache.catalina.core.ApplicationFilterChain.doFilter(ApplicationFilterChain.java:166)
	at com.alibaba.druid.support.http.WebStatFilter.doFilter(WebStatFilter.java:123)
	at org.apache.catalina.core.ApplicationFilterChain.internalDoFilter(ApplicationFilterChain.java:193)
	at org.apache.catalina.core.ApplicationFilterChain.doFilter(ApplicationFilterChain.java:166)
	at org.springframework.security.web.FilterChainProxy.doFilterInternal(FilterChainProxy.java:208)
	at org.springframework.security.web.FilterChainProxy.doFilter(FilterChainProxy.java:177)
	at org.springframework.web.filter.DelegatingFilterProxy.invokeDelegate(DelegatingFilterProxy.java:347)
	at org.springframework.web.filter.DelegatingFilterProxy.doFilter(DelegatingFilterProxy.java:263)
	at org.apache.catalina.core.ApplicationFilterChain.internalDoFilter(ApplicationFilterChain.java:193)
	at org.apache.catalina.core.ApplicationFilterChain.doFilter(ApplicationFilterChain.java:166)
	at org.springframework.web.filter.RequestContextFilter.doFilterInternal(RequestContextFilter.java:99)
	at org.springframework.web.filter.OncePerRequestFilter.doFilter(OncePerRequestFilter.java:107)
	at org.apache.catalina.core.ApplicationFilterChain.internalDoFilter(ApplicationFilterChain.java:193)
	at org.apache.catalina.core.ApplicationFilterChain.doFilter(ApplicationFilterChain.java:166)
	at org.springframework.web.filter.HttpPutFormContentFilter.doFilterInternal(HttpPutFormContentFilter.java:108)
	at org.springframework.web.filter.OncePerRequestFilter.doFilter(OncePerRequestFilter.java:107)
	at org.apache.catalina.core.ApplicationFilterChain.internalDoFilter(ApplicationFilterChain.java:193)
	at org.apache.catalina.core.ApplicationFilterChain.doFilter(ApplicationFilterChain.java:166)
	at org.springframework.web.filter.HiddenHttpMethodFilter.doFilterInternal(HiddenHttpMethodFilter.java:81)
	at org.springframework.web.filter.OncePerRequestFilter.doFilter(OncePerRequestFilter.java:107)
	at org.apache.catalina.core.ApplicationFilterChain.internalDoFilter(ApplicationFilterChain.java:193)
	at org.apache.catalina.core.ApplicationFilterChain.doFilter(ApplicationFilterChain.java:166)
	at org.springframework.web.filter.CharacterEncodingFilter.doFilterInternal(CharacterEncodingFilter.java:197)
	at org.springframework.web.filter.OncePerRequestFilter.doFilter(OncePerRequestFilter.java:107)
	at org.apache.catalina.core.ApplicationFilterChain.internalDoFilter(ApplicationFilterChain.java:193)
	at org.apache.catalina.core.ApplicationFilterChain.doFilter(ApplicationFilterChain.java:166)
	at org.apache.catalina.core.StandardWrapperValve.invoke(StandardWrapperValve.java:199)
	at org.apache.catalina.core.StandardContextValve.invoke(StandardContextValve.java:96)
	at org.apache.catalina.authenticator.AuthenticatorBase.invoke(AuthenticatorBase.java:478)
	at org.apache.catalina.core.StandardHostValve.invoke(StandardHostValve.java:140)
	at org.apache.catalina.valves.ErrorReportValve.invoke(ErrorReportValve.java:81)
	at org.apache.catalina.core.StandardEngineValve.invoke(StandardEngineValve.java:87)
	at org.apache.catalina.connector.CoyoteAdapter.service(CoyoteAdapter.java:342)
	at org.apache.coyote.http11.Http11Processor.service(Http11Processor.java:803)
	at org.apache.coyote.AbstractProcessorLight.process(AbstractProcessorLight.java:66)
	at org.apache.coyote.AbstractProtocol$ConnectionHandler.process(AbstractProtocol.java:868)
	at org.apache.tomcat.util.net.NioEndpoint$SocketProcessor.doRun(NioEndpoint.java:1459)
	at org.apache.tomcat.util.net.SocketProcessorBase.run(SocketProcessorBase.java:49)
	at java.util.concurrent.ThreadPoolExecutor.runWorker(ThreadPoolExecutor.java:1142)
	at java.util.concurrent.ThreadPoolExecutor$Worker.run(ThreadPoolExecutor.java:617)
	at org.apache.tomcat.util.threads.TaskThread$WrappingRunnable.run(TaskThread.java:61)
	at java.lang.Thread.run(Thread.java:745)
2018-05-07 17:33:32 -WebSocketSession[1 current WS(1)-HttpStream(0)-HttpPoll(0), 1 total, 0 closed abnormally (0 connect failure, 0 send limit, 0 transport error)], stompSubProtocol[processed CONNECT(1)-CONNECTED(1)-DISCONNECT(0)], stompBrokerRelay[null], inboundChannel[pool size = 0, active threads = 0, queued tasks = 0, completed tasks = 9], outboundChannelpool size = 0, active threads = 0, queued tasks = 0, completed tasks = 1], sockJsScheduler[pool size = 4, active threads = 1, queued tasks = 2, completed tasks = 438]
2018-05-07 18:02:58 -Validating all active sessions...
2018-05-07 18:02:58 -Finished session validation.  No sessions were stopped.
2018-05-07 18:03:32 -WebSocketSession[1 current WS(1)-HttpStream(0)-HttpPoll(0), 5 total, 0 closed abnormally (0 connect failure, 0 send limit, 0 transport error)], stompSubProtocol[processed CONNECT(5)-CONNECTED(5)-DISCONNECT(0)], stompBrokerRelay[null], inboundChannel[pool size = 0, active threads = 0, queued tasks = 0, completed tasks = 57], outboundChannelpool size = 0, active threads = 0, queued tasks = 0, completed tasks = 9], sockJsScheduler[pool size = 4, active threads = 1, queued tasks = 2, completed tasks = 868]
